This is pdfTeX, Version 3.141592653-2.6-1.40.22 (TeX Live 2022/dev/Debian) (preloaded format=pdflatex 2025.6.30)  18 JUL 2025 08:04
entering extended mode
 restricted \write18 enabled.
 %&-line parsing enabled.
**main.tex
(./main.tex
LaTeX2e <2021-11-15> patch level 1
L3 programming layer <2022-01-21> (./sn-jnl-modified.cls

LaTeX Warning: You have requested document class `sn-jnl-modified',
               but the document class provides `sn-jnl'.

Document Class: sn-jnl 2019/11/18 v0.1: An authoring template for Springer Jour
nal articles
(/usr/share/texlive/texmf-dist/tex/latex/base/article.cls
Document Class: article 2021/10/04 v1.4n Standard LaTeX document class
(/usr/share/texlive/texmf-dist/tex/latex/base/fleqn.clo
File: fleqn.clo 2016/12/29 v1.2b Standard LaTeX option (flush left equations)
\mathindent=\skip47
Applying: [2015/01/01] Make \[ robust on input line 50.
LaTeX Info: Redefining \[ on input line 51.
Already applied: [0000/00/00] Make \[ robust on input line 62.
Applying: [2015/01/01] Make \] robust on input line 74.
LaTeX Info: Redefining \] on input line 75.
Already applied: [0000/00/00] Make \] robust on input line 83.
)
(/usr/share/texlive/texmf-dist/tex/latex/base/size10.clo
File: size10.clo 2021/10/04 v1.4n Standard LaTeX file (size option)
)
\c@part=\count185
\c@section=\count186
\c@subsection=\count187
\c@subsubsection=\count188
\c@paragraph=\count189
\c@subparagraph=\count190
\c@figure=\count191
\c@table=\count192
\abovecaptionskip=\skip48
\belowcaptionskip=\skip49
\bibindent=\dimen138
)
LaTeX Info: Redefining \rm on input line 146.
LaTeX Info: Redefining \sf on input line 147.
LaTeX Info: Redefining \tt on input line 148.
LaTeX Info: Redefining \bf on input line 149.
LaTeX Info: Redefining \it on input line 150.
LaTeX Info: Redefining \sl on input line 151.
LaTeX Info: Redefining \sc on input line 152.
LaTeX Info: Redefining \cal on input line 153.
LaTeX Info: Redefining \mit on input line 154.
LaTeX Info: Redefining \textsubscript on input line 212.
\columnhsize=\skip50

(/usr/share/texlive/texmf-dist/tex/latex/geometry/geometry.sty
Package: geometry 2020/01/02 v5.9 Page Geometry

(/usr/share/texlive/texmf-dist/tex/latex/graphics/keyval.sty
Package: keyval 2014/10/28 v1.15 key=value parser (DPC)
\KV@toks@=\toks16
)
(/usr/share/texlive/texmf-dist/tex/generic/iftex/ifvtex.sty
Package: ifvtex 2019/10/25 v1.7 ifvtex legacy package. Use iftex instead.

(/usr/share/texlive/texmf-dist/tex/generic/iftex/iftex.sty
Package: iftex 2020/03/06 v1.0d TeX engine tests
))
\Gm@cnth=\count193
\Gm@cntv=\count194
\c@Gm@tempcnt=\count195
\Gm@bindingoffset=\dimen139
\Gm@wd@mp=\dimen140
\Gm@odd@mp=\dimen141
\Gm@even@mp=\dimen142
\Gm@layoutwidth=\dimen143
\Gm@layoutheight=\dimen144
\Gm@layouthoffset=\dimen145
\Gm@layoutvoffset=\dimen146
\Gm@dimlist=\toks17
)
\artcatbox=\box50
\aucount=\count196
\corraucount=\count197
\punctcount=\count198
\emailcnt=\count199
\c@affn=\count266
\addcount=\count267
\PacsCount=\count268
\PacsTmpCnt=\count269
\FMremarkdim=\dimen147
\fmremarkbox=\box51

(/usr/share/texlive/texmf-dist/tex/latex/sttools/cuted.sty
Package: cuted 2021/10/04 v2.0 Mixing onecolumn and twocolumn modes
\At@ViperColsBreak=\toks18
\preCutedStrip=\toks19
\postCutedStrip=\toks20
\cuted@@tempbox@a=\box52
\cuted@@tempbox@c=\box53
\cuted@@tempbox@var=\box54
\hold@viper=\box55
\@viper=\box56
\cuted@@varbox@a=\box57
\cuted@@varbox@c=\box58
\cuted@@tempdim@spread=\dimen148
\cuted@@tempdim@a=\dimen149
\cuted@@tempdim@b=\dimen150
\ht@hold@viper=\dimen151
\ht@viper=\dimen152
\var@@pagediscards@ht=\dimen153
\stripsep=\skip51
\viper@penalty=\count270
)
\firstpagehtcheck=\dimen154
\labelwidthi=\dimen155
\labelwidthii=\dimen156
\labelwidthiii=\dimen157
\labelwidthiv=\dimen158
\figwidth=\dimen159
\figheight=\dimen160
\sidecapwidth=\dimen161
\wrapcapline=\dimen162
\totalwrapline=\dimen163
\wraptotline=\dimen164
\figurebox=\box59
\wrapfigcapbox=\box60
\figcapbox=\box61
\capbox=\box62
\headwidthskip=\skip52
\tabcapbox=\box63
\temptbox=\box64
\tempdime=\dimen165
\tabhtdime=\dimen166

(/usr/share/texlive/texmf-dist/tex/latex/graphics/rotating.sty
Package: rotating 2016/08/11 v2.16d rotated objects in LaTeX

(/usr/share/texlive/texmf-dist/tex/latex/graphics/graphicx.sty
Package: graphicx 2021/09/16 v1.2d Enhanced LaTeX Graphics (DPC,SPQR)

(/usr/share/texlive/texmf-dist/tex/latex/graphics/graphics.sty
Package: graphics 2021/03/04 v1.4d Standard LaTeX Graphics (DPC,SPQR)

(/usr/share/texlive/texmf-dist/tex/latex/graphics/trig.sty
Package: trig 2021/08/11 v1.11 sin cos tan (DPC)
)
(/usr/share/texlive/texmf-dist/tex/latex/graphics-cfg/graphics.cfg
File: graphics.cfg 2016/06/04 v1.11 sample graphics configuration
)
Package graphics Info: Driver file: pdftex.def on input line 107.

(/usr/share/texlive/texmf-dist/tex/latex/graphics-def/pdftex.def
File: pdftex.def 2020/10/05 v1.2a Graphics/color driver for pdftex
))
\Gin@req@height=\dimen167
\Gin@req@width=\dimen168
)
(/usr/share/texlive/texmf-dist/tex/latex/base/ifthen.sty
Package: ifthen 2020/11/24 v1.1c Standard LaTeX ifthen package (DPC)
)
\c@r@tfl@t=\count271
\rotFPtop=\skip53
\rotFPbot=\skip54
\rot@float@box=\box65
\rot@mess@toks=\toks21
)
(/usr/share/texlive/texmf-dist/tex/latex/threeparttable/threeparttable.sty
Package: threeparttable 2003/06/13  v 3.0
\@tempboxb=\box66
)
(/usr/share/texlive/texmf-dist/tex/latex/appendix/appendix.sty
Package: appendix 2020/02/08 v1.2c extra appendix facilities
\c@@pps=\count272
\c@@ppsavesec=\count273
\c@@ppsaveapp=\count274
)
(/usr/share/texlive/texmf-dist/tex/latex/hyperref/hyperref.sty
Package: hyperref 2021-06-07 v7.00m Hypertext links for LaTeX

(/usr/share/texlive/texmf-dist/tex/generic/ltxcmds/ltxcmds.sty
Package: ltxcmds 2020-05-10 v1.25 LaTeX kernel commands for general use (HO)
)
(/usr/share/texlive/texmf-dist/tex/generic/pdftexcmds/pdftexcmds.sty
Package: pdftexcmds 2020-06-27 v0.33 Utility functions of pdfTeX for LuaTeX (HO
)

(/usr/share/texlive/texmf-dist/tex/generic/infwarerr/infwarerr.sty
Package: infwarerr 2019/12/03 v1.5 Providing info/warning/error messages (HO)
)
Package pdftexcmds Info: \pdf@primitive is available.
Package pdftexcmds Info: \pdf@ifprimitive is available.
Package pdftexcmds Info: \pdfdraftmode found.
)
(/usr/share/texlive/texmf-dist/tex/generic/kvsetkeys/kvsetkeys.sty
Package: kvsetkeys 2019/12/15 v1.18 Key value parser (HO)
)
(/usr/share/texlive/texmf-dist/tex/generic/kvdefinekeys/kvdefinekeys.sty
Package: kvdefinekeys 2019-12-19 v1.6 Define keys (HO)
)
(/usr/share/texlive/texmf-dist/tex/generic/pdfescape/pdfescape.sty
Package: pdfescape 2019/12/09 v1.15 Implements pdfTeX's escape features (HO)
)
(/usr/share/texlive/texmf-dist/tex/latex/hycolor/hycolor.sty
Package: hycolor 2020-01-27 v1.10 Color options for hyperref/bookmark (HO)
)
(/usr/share/texlive/texmf-dist/tex/latex/letltxmacro/letltxmacro.sty
Package: letltxmacro 2019/12/03 v1.6 Let assignment for LaTeX macros (HO)
)
(/usr/share/texlive/texmf-dist/tex/latex/auxhook/auxhook.sty
Package: auxhook 2019-12-17 v1.6 Hooks for auxiliary files (HO)
)
(/usr/share/texlive/texmf-dist/tex/latex/kvoptions/kvoptions.sty
Package: kvoptions 2020-10-07 v3.14 Key value format for package options (HO)
)
\@linkdim=\dimen169
\Hy@linkcounter=\count275
\Hy@pagecounter=\count276

(/usr/share/texlive/texmf-dist/tex/latex/hyperref/pd1enc.def
File: pd1enc.def 2021-06-07 v7.00m Hyperref: PDFDocEncoding definition (HO)
Now handling font encoding PD1 ...
... no UTF-8 mapping file for font encoding PD1
)
(/usr/share/texlive/texmf-dist/tex/latex/hyperref/hyperref-langpatches.def
File: hyperref-langpatches.def 2021-06-07 v7.00m Hyperref: patches for babel la
nguages
)
(/usr/share/texlive/texmf-dist/tex/generic/intcalc/intcalc.sty
Package: intcalc 2019/12/15 v1.3 Expandable calculations with integers (HO)
)
(/usr/share/texlive/texmf-dist/tex/generic/etexcmds/etexcmds.sty
Package: etexcmds 2019/12/15 v1.7 Avoid name clashes with e-TeX commands (HO)
)
\Hy@SavedSpaceFactor=\count277

(/usr/share/texlive/texmf-dist/tex/latex/hyperref/puenc.def
File: puenc.def 2021-06-07 v7.00m Hyperref: PDF Unicode definition (HO)
Now handling font encoding PU ...
... no UTF-8 mapping file for font encoding PU
)
Package hyperref Info: Hyper figures OFF on input line 4192.
Package hyperref Info: Link nesting OFF on input line 4197.
Package hyperref Info: Hyper index ON on input line 4200.
Package hyperref Info: Plain pages OFF on input line 4207.
Package hyperref Info: Backreferencing OFF on input line 4212.
Package hyperref Info: Implicit mode ON; LaTeX internals redefined.
Package hyperref Info: Bookmarks ON on input line 4445.
\c@Hy@tempcnt=\count278

(/usr/share/texlive/texmf-dist/tex/latex/url/url.sty
\Urlmuskip=\muskip16
Package: url 2013/09/16  ver 3.4  Verb mode for urls, etc.
)
LaTeX Info: Redefining \url on input line 4804.
\XeTeXLinkMargin=\dimen170

(/usr/share/texlive/texmf-dist/tex/generic/bitset/bitset.sty
Package: bitset 2019/12/09 v1.3 Handle bit-vector datatype (HO)

(/usr/share/texlive/texmf-dist/tex/generic/bigintcalc/bigintcalc.sty
Package: bigintcalc 2019/12/15 v1.5 Expandable calculations on big integers (HO
)
))
\Fld@menulength=\count279
\Field@Width=\dimen171
\Fld@charsize=\dimen172
Package hyperref Info: Hyper figures OFF on input line 6076.
Package hyperref Info: Link nesting OFF on input line 6081.
Package hyperref Info: Hyper index ON on input line 6084.
Package hyperref Info: backreferencing OFF on input line 6091.
Package hyperref Info: Link coloring OFF on input line 6096.
Package hyperref Info: Link coloring with OCG OFF on input line 6101.
Package hyperref Info: PDF/A mode OFF on input line 6106.
LaTeX Info: Redefining \ref on input line 6146.
LaTeX Info: Redefining \pageref on input line 6150.

(/usr/share/texlive/texmf-dist/tex/latex/base/atbegshi-ltx.sty
Package: atbegshi-ltx 2021/01/10 v1.0c Emulation of the original atbegshi
package with kernel methods
)
\Hy@abspage=\count280
\c@Item=\count281
\c@Hfootnote=\count282
)
Package hyperref Info: Driver (autodetected): hpdftex.

(/usr/share/texlive/texmf-dist/tex/latex/hyperref/hpdftex.def
File: hpdftex.def 2021-06-07 v7.00m Hyperref driver for pdfTeX

(/usr/share/texlive/texmf-dist/tex/latex/base/atveryend-ltx.sty
Package: atveryend-ltx 2020/08/19 v1.0a Emulation of the original atveryend pac
kage
with kernel methods
)
\Fld@listcount=\count283
\c@bookmark@seq@number=\count284

(/usr/share/texlive/texmf-dist/tex/latex/rerunfilecheck/rerunfilecheck.sty
Package: rerunfilecheck 2019/12/05 v1.9 Rerun checks for auxiliary files (HO)

(/usr/share/texlive/texmf-dist/tex/generic/uniquecounter/uniquecounter.sty
Package: uniquecounter 2019/12/15 v1.4 Provide unlimited unique counter (HO)
)
Package uniquecounter Info: New unique counter `rerunfilecheck' on input line 2
86.
)
\Hy@SectionHShift=\skip55
)
Package hyperref Info: Option `colorlinks' set `true' on input line 1471.
Package hyperref Info: Option `breaklinks' set `true' on input line 1471.
Package hyperref Info: Option `plainpages' set `false' on input line 1471.
Package hyperref Info: Option `bookmarksopen' set `true' on input line 1471.
Package hyperref Info: Option `bookmarksnumbered' set `false' on input line 147
1.

(/usr/share/texlive/texmf-dist/tex/latex/wrapfig/wrapfig.sty
\wrapoverhang=\dimen173
\WF@size=\dimen174
\c@WF@wrappedlines=\count285
\WF@box=\box67
\WF@everypar=\toks22
Package: wrapfig 2003/01/31  v 3.6
)
\wraplines=\count286
\@authorfigbox=\box68
\@authorfigboxdim=\skip56
\biofigadjskip=\skip57

(/usr/share/texlive/texmf-dist/tex/latex/amscls/amsthm.sty
Package: amsthm 2020/05/29 v2.20.6
\thm@style=\toks23
\thm@bodyfont=\toks24
\thm@headfont=\toks25
\thm@notefont=\toks26
\thm@headpunct=\toks27
\thm@preskip=\skip58
\thm@postskip=\skip59
\thm@headsep=\skip60
\dth@everypar=\toks28
)
(/usr/share/texlive/texmf-dist/tex/latex/base/fix-cm.sty
Package: fix-cm 2020/11/24 v1.1t fixes to LaTeX

(/usr/share/texlive/texmf-dist/tex/latex/base/ts1enc.def
File: ts1enc.def 2001/06/05 v3.0e (jk/car/fm) Standard LaTeX file
LaTeX Font Info:    Redeclaring font encoding TS1 on input line 47.
))
(/usr/share/texlive/texmf-dist/tex/latex/natbib/natbib.sty
Package: natbib 2010/09/13 8.31b (PWD, AO)
\bibhang=\skip61
\bibsep=\skip62
LaTeX Info: Redefining \cite on input line 694.
\c@NAT@ctr=\count287
))

Package geometry Warning: Over-specification in `h'-direction.
    `width' (372.0pt) is ignored.


Package geometry Warning: Over-specification in `v'-direction.
    `height' (552.69478pt) is ignored.

(/usr/share/texlive/texmf-dist/tex/latex/multirow/multirow.sty
Package: multirow 2021/03/15 v2.8 Span multiple rows of a table
\multirow@colwidth=\skip63
\multirow@cntb=\count288
\multirow@dima=\skip64
\bigstrutjot=\dimen175
)
(/usr/share/texlive/texmf-dist/tex/latex/amsmath/amsmath.sty
Package: amsmath 2021/10/15 v2.17l AMS math features
\@mathmargin=\skip65

For additional information on amsmath, use the `?' option.
(/usr/share/texlive/texmf-dist/tex/latex/amsmath/amstext.sty
Package: amstext 2021/08/26 v2.01 AMS text

(/usr/share/texlive/texmf-dist/tex/latex/amsmath/amsgen.sty
File: amsgen.sty 1999/11/30 v2.0 generic functions
\@emptytoks=\toks29
\ex@=\dimen176
))
(/usr/share/texlive/texmf-dist/tex/latex/amsmath/amsbsy.sty
Package: amsbsy 1999/11/29 v1.2d Bold Symbols
\pmbraise@=\dimen177
)
(/usr/share/texlive/texmf-dist/tex/latex/amsmath/amsopn.sty
Package: amsopn 2021/08/26 v2.02 operator names
)
\inf@bad=\count289
LaTeX Info: Redefining \frac on input line 234.
\uproot@=\count290
\leftroot@=\count291
LaTeX Info: Redefining \overline on input line 399.
\classnum@=\count292
\DOTSCASE@=\count293
LaTeX Info: Redefining \ldots on input line 496.
LaTeX Info: Redefining \dots on input line 499.
LaTeX Info: Redefining \cdots on input line 620.
\Mathstrutbox@=\box69
\strutbox@=\box70
\big@size=\dimen178
LaTeX Font Info:    Redeclaring font encoding OML on input line 743.
LaTeX Font Info:    Redeclaring font encoding OMS on input line 744.
\macc@depth=\count294
\c@MaxMatrixCols=\count295
\dotsspace@=\muskip17
\c@parentequation=\count296
\dspbrk@lvl=\count297
\tag@help=\toks30
\row@=\count298
\column@=\count299
\maxfields@=\count300
\andhelp@=\toks31
\eqnshift@=\dimen179
\alignsep@=\dimen180
\tagshift@=\dimen181
\tagwidth@=\dimen182
\totwidth@=\dimen183
\lineht@=\dimen184
\@envbody=\toks32
\multlinegap=\skip66
\multlinetaggap=\skip67
\mathdisplay@stack=\toks33
LaTeX Info: Redefining \[ on input line 2938.
LaTeX Info: Redefining \] on input line 2939.
)
(/usr/share/texlive/texmf-dist/tex/latex/amsfonts/amssymb.sty
Package: amssymb 2013/01/14 v3.01 AMS font symbols

(/usr/share/texlive/texmf-dist/tex/latex/amsfonts/amsfonts.sty
Package: amsfonts 2013/01/14 v3.01 Basic AMSFonts support
\symAMSa=\mathgroup4
\symAMSb=\mathgroup5
LaTeX Font Info:    Redeclaring math symbol \hbar on input line 98.
LaTeX Font Info:    Overwriting math alphabet `\mathfrak' in version `bold'
(Font)                  U/euf/m/n --> U/euf/b/n on input line 106.
))
(/usr/share/texlive/texmf-dist/tex/latex/jknapltx/mathrsfs.sty
Package: mathrsfs 1996/01/01 Math RSFS package v1.0 (jk)
\symrsfs=\mathgroup6
)
(/usr/share/texlive/texmf-dist/tex/latex/xcolor/xcolor.sty
Package: xcolor 2021/10/31 v2.13 LaTeX color extensions (UK)

(/usr/share/texlive/texmf-dist/tex/latex/graphics-cfg/color.cfg
File: color.cfg 2016/01/02 v1.6 sample color configuration
)
Package xcolor Info: Driver file: pdftex.def on input line 227.
Package xcolor Info: Model `cmy' substituted by `cmy0' on input line 1352.
Package xcolor Info: Model `hsb' substituted by `rgb' on input line 1356.
Package xcolor Info: Model `RGB' extended on input line 1368.
Package xcolor Info: Model `HTML' substituted by `rgb' on input line 1370.
Package xcolor Info: Model `Hsb' substituted by `hsb' on input line 1371.
Package xcolor Info: Model `tHsb' substituted by `hsb' on input line 1372.
Package xcolor Info: Model `HSB' substituted by `hsb' on input line 1373.
Package xcolor Info: Model `Gray' substituted by `gray' on input line 1374.
Package xcolor Info: Model `wave' substituted by `hsb' on input line 1375.
)
(/usr/share/texlive/texmf-dist/tex/latex/base/textcomp.sty
Package: textcomp 2020/02/02 v2.0n Standard LaTeX package
)
(/usr/share/texlive/texmf-dist/tex/latex/ncctools/manyfoot.sty
Package: manyfoot 2019/08/03 v1.11 Many Footnote Levels Package (NCC)

(/usr/share/texlive/texmf-dist/tex/latex/ncctools/nccfoots.sty
Package: nccfoots 2005/02/03 v1.2 NCC Footnotes Package (NCC)
)
\MFL@columnwidth=\dimen185
)
(/usr/share/texlive/texmf-dist/tex/latex/booktabs/booktabs.sty
Package: booktabs 2020/01/12 v1.61803398 Publication quality tables
\heavyrulewidth=\dimen186
\lightrulewidth=\dimen187
\cmidrulewidth=\dimen188
\belowrulesep=\dimen189
\belowbottomsep=\dimen190
\aboverulesep=\dimen191
\abovetopsep=\dimen192
\cmidrulesep=\dimen193
\cmidrulekern=\dimen194
\defaultaddspace=\dimen195
\@cmidla=\count301
\@cmidlb=\count302
\@aboverulesep=\dimen196
\@belowrulesep=\dimen197
\@thisruleclass=\count303
\@lastruleclass=\count304
\@thisrulewidth=\dimen198
)
(/usr/share/texlive/texmf-dist/tex/latex/algorithms/algorithm.sty
Package: algorithm 2009/08/24 v0.1 Document Style `algorithm' - floating enviro
nment

(/usr/share/texlive/texmf-dist/tex/latex/float/float.sty
Package: float 2001/11/08 v1.3d Float enhancements (AL)
\c@float@type=\count305
\float@exts=\toks34
\float@box=\box71
\@float@everytoks=\toks35
\@floatcapt=\box72
)
\@float@every@algorithm=\toks36
\c@algorithm=\count306
)
(/usr/share/texlive/texmf-dist/tex/latex/algorithmicx/algorithmicx.sty
Package: algorithmicx 2005/04/27 v1.2 Algorithmicx

Document Style algorithmicx 1.2 - a greatly improved `algorithmic' style
\c@ALG@line=\count307
\c@ALG@rem=\count308
\c@ALG@nested=\count309
\ALG@tlm=\skip68
\ALG@thistlm=\skip69
\c@ALG@Lnr=\count310
\c@ALG@blocknr=\count311
\c@ALG@storecount=\count312
\c@ALG@tmpcounter=\count313
\ALG@tmplength=\skip70
) (/usr/share/texlive/texmf-dist/tex/latex/algorithmicx/algpseudocode.sty
Package: algpseudocode 

Document Style - pseudocode environments for use with the `algorithmicx' style
) (/usr/share/texlive/texmf-dist/tex/latex/listings/listings.sty
\lst@mode=\count314
\lst@gtempboxa=\box73
\lst@token=\toks37
\lst@length=\count315
\lst@currlwidth=\dimen199
\lst@column=\count316
\lst@pos=\count317
\lst@lostspace=\dimen256
\lst@width=\dimen257
\lst@newlines=\count318
\lst@lineno=\count319
\lst@maxwidth=\dimen258

(/usr/share/texlive/texmf-dist/tex/latex/listings/lstmisc.sty
File: lstmisc.sty 2020/03/24 1.8d (Carsten Heinz)
\c@lstnumber=\count320
\lst@skipnumbers=\count321
\lst@framebox=\box74
)
(/usr/share/texlive/texmf-dist/tex/latex/listings/listings.cfg
File: listings.cfg 2020/03/24 1.8d listings configuration
))
Package: listings 2020/03/24 1.8d (Carsten Heinz)

(/usr/share/texlive/texmf-dist/tex/latex/setspace/setspace.sty
Package: setspace 2011/12/19 v6.7a set line spacing
)
(/usr/share/texlive/texmf-dist/tex/latex/caption/subcaption.sty
Package: subcaption 2020/10/07 v1.3j Sub-captions (AR)

(/usr/share/texlive/texmf-dist/tex/latex/caption/caption.sty
Package: caption 2020/10/26 v3.5g Customizing captions (AR)

(/usr/share/texlive/texmf-dist/tex/latex/caption/caption3.sty
Package: caption3 2020/10/21 v2.2e caption3 kernel (AR)
\captionmargin=\dimen259
\captionmargin@=\dimen260
\captionwidth=\dimen261
\caption@tempdima=\dimen262
\caption@indent=\dimen263
\caption@parindent=\dimen264
\caption@hangindent=\dimen265
Package caption Info: Unknown document class (or package),
(caption)             standard defaults will be used.
Package caption Info: \@makecaption = \long macro:#1#2->\ifx \FigName \@captype
 \vskip \abovecaptionskip \@figurecaption {#1}{#2} \else \@tablecaption {#1}{#2
} \vskip \belowcaptionskip \fi  on input line 1139.
)

Package caption Warning: Unknown document class (or package),
(caption)                standard defaults will be used.
See the caption package documentation for explanation.

\c@caption@flags=\count322
\c@continuedfloat=\count323
Package caption Info: float package is loaded.
Package caption Info: hyperref package is loaded.
Package caption Info: listings package is loaded.
Package caption Info: rotating package is loaded.
Package caption Info: threeparttable package is loaded.
Package caption Info: wrapfig package is loaded.
)
\c@subfigure=\count324
\c@subtable=\count325
)
\c@theorem=\count326
\c@example=\count327
\c@remark=\count328
\c@definition=\count329
 (/usr/share/texlive/texmf-dist/tex/latex/l3backend/l3backend-pdftex.def
File: l3backend-pdftex.def 2022-01-12 L3 backend support: PDF output (pdfTeX)
\l__color_backend_stack_int=\count330
\l__pdf_internal_box=\box75
)
(./main.aux)
\openout1 = `main.aux'.

LaTeX Font Info:    Checking defaults for OML/cmm/m/it on input line 58.
LaTeX Font Info:    ... okay on input line 58.
LaTeX Font Info:    Checking defaults for OMS/cmsy/m/n on input line 58.
LaTeX Font Info:    ... okay on input line 58.
LaTeX Font Info:    Checking defaults for OT1/cmr/m/n on input line 58.
LaTeX Font Info:    ... okay on input line 58.
LaTeX Font Info:    Checking defaults for T1/cmr/m/n on input line 58.
LaTeX Font Info:    ... okay on input line 58.
LaTeX Font Info:    Checking defaults for TS1/cmr/m/n on input line 58.
LaTeX Font Info:    ... okay on input line 58.
LaTeX Font Info:    Checking defaults for OMX/cmex/m/n on input line 58.
LaTeX Font Info:    ... okay on input line 58.
LaTeX Font Info:    Checking defaults for U/cmr/m/n on input line 58.
LaTeX Font Info:    ... okay on input line 58.
LaTeX Font Info:    Checking defaults for PD1/pdf/m/n on input line 58.
LaTeX Font Info:    ... okay on input line 58.
LaTeX Font Info:    Checking defaults for PU/pdf/m/n on input line 58.
LaTeX Font Info:    ... okay on input line 58.

*geometry* driver: auto-detecting
*geometry* detected driver: pdftex
*geometry* verbose mode - [ preamble ] result:
* driver: pdftex
* paper: a4paper
* layout: <same size as paper>
* layoutoffset:(h,v)=(0.0pt,0.0pt)
* bindingoffset: 17.07164pt
* modes: twoside 
* h-part:(L,W,R)=(71.13188pt, 438.17247pt, 71.13188pt)
* v-part:(T,H,B)=(71.13188pt, 702.78308pt, 71.13188pt)
* \paperwidth=597.50787pt
* \paperheight=845.04684pt
* \textwidth=438.17247pt
* \textheight=702.78308pt
* \oddsidemargin=15.93353pt
* \evensidemargin=-1.1381pt
* \topmargin=-22.57166pt
* \headheight=5.5pt
* \headsep=15.93355pt
* \topskip=10.0pt
* \footskip=28.45274pt
* \marginparwidth=34.1433pt
* \marginparsep=14.22636pt
* \columnsep=14.22636pt
* \skip\footins=8.0pt plus 4.0pt
* \hoffset=0.0pt
* \voffset=0.0pt
* \mag=1000
* \@twocolumnfalse
* \@twosidetrue
* \@mparswitchtrue
* \@reversemargintrue
* (1in=72.27pt=25.4mm, 1cm=28.453pt)

(/usr/share/texlive/texmf-dist/tex/context/base/mkii/supp-pdf.mkii
[Loading MPS to PDF converter (version 2006.09.02).]
\scratchcounter=\count331
\scratchdimen=\dimen266
\scratchbox=\box76
\nofMPsegments=\count332
\nofMParguments=\count333
\everyMPshowfont=\toks38
\MPscratchCnt=\count334
\MPscratchDim=\dimen267
\MPnumerator=\count335
\makeMPintoPDFobject=\count336
\everyMPtoPDFconversion=\toks39
) (/usr/share/texlive/texmf-dist/tex/latex/epstopdf-pkg/epstopdf-base.sty
Package: epstopdf-base 2020-01-24 v2.11 Base part for package epstopdf
Package epstopdf-base Info: Redefining graphics rule for `.eps' on input line 4
85.

(/usr/share/texlive/texmf-dist/tex/latex/latexconfig/epstopdf-sys.cfg
File: epstopdf-sys.cfg 2010/07/13 v1.3 Configuration of (r)epstopdf for TeX Liv
e
))
LaTeX Info: Redefining \S on input line 58.
LaTeX Font Info:    Redeclaring symbol font `AMSa' on input line 58.
LaTeX Font Info:    Overwriting symbol font `AMSa' in version `normal'
(Font)                  U/msa/m/n --> U/msa/m/n on input line 58.
LaTeX Font Info:    Overwriting symbol font `AMSa' in version `bold'
(Font)                  U/msa/m/n --> U/msa/m/n on input line 58.
Package hyperref Info: Link coloring ON on input line 58.

(/usr/share/texlive/texmf-dist/tex/latex/hyperref/nameref.sty
Package: nameref 2021-04-02 v2.47 Cross-referencing by name of section

(/usr/share/texlive/texmf-dist/tex/latex/refcount/refcount.sty
Package: refcount 2019/12/15 v3.6 Data extraction from label references (HO)
)
(/usr/share/texlive/texmf-dist/tex/generic/gettitlestring/gettitlestring.sty
Package: gettitlestring 2019/12/15 v1.6 Cleanup title references (HO)
)
\c@section@level=\count337
)
LaTeX Info: Redefining \ref on input line 58.
LaTeX Info: Redefining \pageref on input line 58.
LaTeX Info: Redefining \nameref on input line 58.

(./main.out) (./main.out)
\@outlinefile=\write3
\openout3 = `main.out'.

\c@lstlisting=\count338
Package caption Info: Begin \AtBeginDocument code.
Package caption Info: End \AtBeginDocument code.
LaTeX Font Info:    Calculating math sizes for size <12.045> on input line 78.
LaTeX Font Info:    Trying to load font information for U+msa on input line 78.


(/usr/share/texlive/texmf-dist/tex/latex/amsfonts/umsa.fd
File: umsa.fd 2013/01/14 v3.01 AMS symbols A
)
LaTeX Font Info:    Trying to load font information for U+msb on input line 78.


(/usr/share/texlive/texmf-dist/tex/latex/amsfonts/umsb.fd
File: umsb.fd 2013/01/14 v3.01 AMS symbols B
)
LaTeX Font Info:    Trying to load font information for U+rsfs on input line 78
.

(/usr/share/texlive/texmf-dist/tex/latex/jknapltx/ursfs.fd
File: ursfs.fd 1998/03/24 rsfs font definition file (jk)
)

LaTeX Font Warning: Font shape `U/rsfs/m/n' in size <8.43146> not available
(Font)              size <8> substituted on input line 78.

LaTeX Font Info:    Calculating math sizes for size <11.04124> on input line 78
.

LaTeX Font Warning: Font shape `U/rsfs/m/n' in size <5.52061> not available
(Font)              size <6> substituted on input line 78.

LaTeX Font Info:    Calculating math sizes for size <9.03374> on input line 78.


LaTeX Font Warning: Font shape `U/rsfs/m/n' in size <4.51686> not available
(Font)              size <5> substituted on input line 78.

LaTeX Font Info:    Calculating math sizes for size <10.03749> on input line 78
.
(./introduction_clean.tex
Underfull \vbox (badness 10000) has occurred while \output is active []

 [1

{/var/lib/texmf/fonts/map/pdftex/updmap/pdftex.map}]
<figures/infographic.png, id=230, 849.6543pt x 1149.093pt>
File: figures/infographic.png Graphic file (type png)
<use figures/infographic.png>
Package pdftex.def Info: figures/infographic.png  used on input line 19.
(pdftex.def)             Requested size: 438.17247pt x 592.60483pt.
) (./methods_clean.tex
Underfull \vbox (badness 10000) has occurred while \output is active []

 [2]
LaTeX Font Info:    Calculating math sizes for size <8.03> on input line 28.


LaTeX Font Warning: Font shape `U/rsfs/m/n' in size <4.015> not available
(Font)              size <5> substituted on input line 28.


Underfull \vbox (badness 10000) has occurred while \output is active []

 [3]
<figures/pinn_architecture_diagram.png, id=287, 992.9898pt x 1293.633pt>
File: figures/pinn_architecture_diagram.png Graphic file (type png)
<use figures/pinn_architecture_diagram.png>
Package pdftex.def Info: figures/pinn_architecture_diagram.png  used on input l
ine 87.
(pdftex.def)             Requested size: 416.2625pt x 542.29572pt.

Underfull \vbox (badness 10000) has occurred while \output is active []

 [4]
Underfull \vbox (badness 10000) has occurred while \output is active []

 [5]
<figures/workflow_diagram.png, id=327, 1004.553pt x 715.473pt>
File: figures/workflow_diagram.png Graphic file (type png)
<use figures/workflow_diagram.png>
Package pdftex.def Info: figures/workflow_diagram.png  used on input line 155.
(pdftex.def)             Requested size: 438.17247pt x 312.07979pt.
Package hyperref Info: bookmark level for unknown algorithm defaults to 0 on in
put line 179.

Underfull \vbox (badness 10000) has occurred while \output is active []

 [6])
(./resultsAndDiscussions_clean.tex
<figures/error_metrics_comparison.png, id=342, 855.9177pt x 423.5022pt>
File: figures/error_metrics_comparison.png Graphic file (type png)
<use figures/error_metrics_comparison.png>
Package pdftex.def Info: figures/error_metrics_comparison.png  used on input li
ne 11.
(pdftex.def)             Requested size: 438.17247pt x 216.80394pt.

Underfull \vbox (badness 10000) has occurred while \output is active []

 [7]
<figures/3d_comparison_pinn_solution_10h.png, id=360, 683.1924pt x 552.1428pt>
File: figures/3d_comparison_pinn_solution_10h.png Graphic file (type png)
<use figures/3d_comparison_pinn_solution_10h.png>
Package pdftex.def Info: figures/3d_comparison_pinn_solution_10h.png  used on i
nput line 40.
(pdftex.def)             Requested size: 438.17247pt x 354.12003pt.
<figures/error_distribution_10h.png, id=362, 711.8595pt x 419.6478pt>
File: figures/error_distribution_10h.png Graphic file (type png)
<use figures/error_distribution_10h.png>
Package pdftex.def Info: figures/error_distribution_10h.png  used on input line
 49.
(pdftex.def)             Requested size: 438.17247pt x 258.30917pt.
<figures/training_losses_10h.png, id=364, 855.9177pt x 423.7431pt>
File: figures/training_losses_10h.png Graphic file (type png)
<use figures/training_losses_10h.png>
Package pdftex.def Info: figures/training_losses_10h.png  used on input line 60
.
(pdftex.def)             Requested size: 438.17247pt x 216.92726pt.
<figures/validation_error_10h.png, id=366, 855.9177pt x 423.7431pt>
File: figures/validation_error_10h.png Graphic file (type png)
<use figures/validation_error_10h.png>
Package pdftex.def Info: figures/validation_error_10h.png  used on input line 6
9.
(pdftex.def)             Requested size: 438.17247pt x 216.92726pt.

Underfull \vbox (badness 10000) has occurred while \output is active []

 [8]
<figures/l2_error_comparison.png, id=379, 855.9177pt x 423.5022pt>
File: figures/l2_error_comparison.png Graphic file (type png)
<use figures/l2_error_comparison.png>
Package pdftex.def Info: figures/l2_error_comparison.png  used on input line 90
.
(pdftex.def)             Requested size: 438.17247pt x 216.80394pt.
<figures/validation_error_heatmap.png, id=381, 1002.3849pt x 568.2831pt>
File: figures/validation_error_heatmap.png Graphic file (type png)
<use figures/validation_error_heatmap.png>
Package pdftex.def Info: figures/validation_error_heatmap.png  used on input li
ne 99.
(pdftex.def)             Requested size: 438.17247pt x 248.41513pt.
<figures/space_slices_10h.png, id=383, 711.1368pt x 1045.2651pt>
File: figures/space_slices_10h.png Graphic file (type png)
<use figures/space_slices_10h.png>
Package pdftex.def Info: figures/space_slices_10h.png  used on input line 108.
(pdftex.def)             Requested size: 214.70691pt x 315.59158pt.
<figures/time_slices_10h.png, id=384, 710.8959pt x 1045.2651pt>
File: figures/time_slices_10h.png Graphic file (type png)
<use figures/time_slices_10h.png>
Package pdftex.def Info: figures/time_slices_10h.png  used on input line 109.
(pdftex.def)             Requested size: 214.70691pt x 315.68729pt.
<figures/euler_bernoulli_beam_10h.png, id=386, 856.8813pt x 568.2831pt>
File: figures/euler_bernoulli_beam_10h.png Graphic file (type png)
<use figures/euler_bernoulli_beam_10h.png>
Package pdftex.def Info: figures/euler_bernoulli_beam_10h.png  used on input li
ne 120.
(pdftex.def)             Requested size: 438.17247pt x 290.59229pt.
<figures/euler_bernoulli_3d_10h.png, id=388, 556.9608pt x 568.2831pt>
File: figures/euler_bernoulli_3d_10h.png Graphic file (type png)
<use figures/euler_bernoulli_3d_10h.png>
Package pdftex.def Info: figures/euler_bernoulli_3d_10h.png  used on input line
 129.
(pdftex.def)             Requested size: 438.17247pt x 447.09174pt.
<figures/weight_factors_10h.png, id=390, 850.6179pt x 424.2249pt>
File: figures/weight_factors_10h.png Graphic file (type png)
<use figures/weight_factors_10h.png>
Package pdftex.def Info: figures/weight_factors_10h.png  used on input line 140
.
(pdftex.def)             Requested size: 438.17247pt x 218.53328pt.
<figures/comparison_10h.png, id=392, 1277.4927pt x 381.1038pt>
File: figures/comparison_10h.png Graphic file (type png)
<use figures/comparison_10h.png>
Package pdftex.def Info: figures/comparison_10h.png  used on input line 151.
(pdftex.def)             Requested size: 438.17247pt x 130.71335pt.

Underfull \vbox (badness 10000) has occurred while \output is active []

 [9])
(./conclusions_clean.tex
Underfull \vbox (badness 10000) has occurred while \output is active []

 [10])

Package hyperref Warning: Difference (4) between bookmark levels is greater 
(hyperref)                than one, level fixed on input line 91.

(./appendixAIReport_clean.tex
Underfull \vbox (badness 10000) has occurred while \output is active []

 [11])
(./main.bbl
Underfull \vbox (badness 10000) has occurred while \output is active []

 [12]
Underfull \vbox (badness 10000) has occurred while \output is active []

 [13])
(./appendix_clean.tex
<figures/3d_comparison_pinn_solution_5h.png, id=427, 683.1924pt x 552.1428pt>
File: figures/3d_comparison_pinn_solution_5h.png Graphic file (type png)
<use figures/3d_comparison_pinn_solution_5h.png>
Package pdftex.def Info: figures/3d_comparison_pinn_solution_5h.png  used on in
put line 13.
(pdftex.def)             Requested size: 210.3209pt x 169.97458pt.
<figures/3d_comparison_pinn_solution_15h.png, id=428, 677.1699pt x 552.1428pt>
File: figures/3d_comparison_pinn_solution_15h.png Graphic file (type png)
<use figures/3d_comparison_pinn_solution_15h.png>
Package pdftex.def Info: figures/3d_comparison_pinn_solution_15h.png  used on i
nput line 20.
(pdftex.def)             Requested size: 210.3209pt x 171.49107pt.
<figures/3d_comparison_pinn_solution_30h.png, id=429, 677.1699pt x 552.1428pt>
File: figures/3d_comparison_pinn_solution_30h.png Graphic file (type png)
<use figures/3d_comparison_pinn_solution_30h.png>
Package pdftex.def Info: figures/3d_comparison_pinn_solution_30h.png  used on i
nput line 32.
(pdftex.def)             Requested size: 210.3209pt x 171.49107pt.
<figures/3d_comparison_pinn_solution_45h.png, id=430, 683.1924pt x 552.1428pt>
File: figures/3d_comparison_pinn_solution_45h.png Graphic file (type png)
<use figures/3d_comparison_pinn_solution_45h.png>
Package pdftex.def Info: figures/3d_comparison_pinn_solution_45h.png  used on i
nput line 39.
(pdftex.def)             Requested size: 210.3209pt x 169.97458pt.

Underfull \vbox (badness 10000) has occurred while \output is active []

 [14 <./figures/3d_comparison_pinn_solution_5h.png> <./figures/3d_comparison_pi
nn_solution_15h.png>]
<figures/error_distribution_5h.png, id=438, 711.8595pt x 419.6478pt>
File: figures/error_distribution_5h.png Graphic file (type png)
<use figures/error_distribution_5h.png>
Package pdftex.def Info: figures/error_distribution_5h.png  used on input line 
53.
(pdftex.def)             Requested size: 140.2184pt x 82.66022pt.
<figures/error_distribution_15h.png, id=439, 711.8595pt x 419.6478pt>
File: figures/error_distribution_15h.png Graphic file (type png)
<use figures/error_distribution_15h.png>
Package pdftex.def Info: figures/error_distribution_15h.png  used on input line
 59.
(pdftex.def)             Requested size: 140.2184pt x 82.66022pt.
<figures/error_distribution_30h.png, id=440, 711.8595pt x 419.6478pt>
File: figures/error_distribution_30h.png Graphic file (type png)
<use figures/error_distribution_30h.png>
Package pdftex.def Info: figures/error_distribution_30h.png  used on input line
 65.
(pdftex.def)             Requested size: 140.2184pt x 82.66022pt.
<figures/training_losses_5h.png, id=441, 855.9177pt x 423.7431pt>
File: figures/training_losses_5h.png Graphic file (type png)
<use figures/training_losses_5h.png>
Package pdftex.def Info: figures/training_losses_5h.png  used on input line 78.

(pdftex.def)             Requested size: 210.3209pt x 104.12508pt.
<figures/training_losses_15h.png, id=442, 855.9177pt x 423.7431pt>
File: figures/training_losses_15h.png Graphic file (type png)
<use figures/training_losses_15h.png>
Package pdftex.def Info: figures/training_losses_15h.png  used on input line 84
.
(pdftex.def)             Requested size: 210.3209pt x 104.12508pt.
<figures/validation_error_5h.png, id=443, 855.9177pt x 423.7431pt>
File: figures/validation_error_5h.png Graphic file (type png)
<use figures/validation_error_5h.png>
Package pdftex.def Info: figures/validation_error_5h.png  used on input line 95
.
(pdftex.def)             Requested size: 210.3209pt x 104.12508pt.
<figures/validation_error_15h.png, id=444, 855.9177pt x 423.7431pt>
File: figures/validation_error_15h.png Graphic file (type png)
<use figures/validation_error_15h.png>
Package pdftex.def Info: figures/validation_error_15h.png  used on input line 1
01.
(pdftex.def)             Requested size: 210.3209pt x 104.12508pt.

Underfull \vbox (badness 10000) has occurred while \output is active []

 [15 <./figures/3d_comparison_pinn_solution_30h.png> <./figures/3d_comparison_p
inn_solution_45h.png> <./figures/error_distribution_5h.png> <./figures/error_di
stribution_15h.png> <./figures/error_distribution_30h.png> <./figures/training_
losses_5h.png> <./figures/training_losses_15h.png>]
<figures/euler_bernoulli_beam_5h.png, id=460, 856.8813pt x 568.2831pt>
File: figures/euler_bernoulli_beam_5h.png Graphic file (type png)
<use figures/euler_bernoulli_beam_5h.png>
Package pdftex.def Info: figures/euler_bernoulli_beam_5h.png  used on input lin
e 114.
(pdftex.def)             Requested size: 210.3209pt x 139.4777pt.
<figures/euler_bernoulli_beam_20h.png, id=461, 856.8813pt x 568.2831pt>
File: figures/euler_bernoulli_beam_20h.png Graphic file (type png)
<use figures/euler_bernoulli_beam_20h.png>
Package pdftex.def Info: figures/euler_bernoulli_beam_20h.png  used on input li
ne 120.
(pdftex.def)             Requested size: 210.3209pt x 139.4777pt.
<figures/euler_bernoulli_3d_5h.png, id=462, 556.9608pt x 568.2831pt>
File: figures/euler_bernoulli_3d_5h.png Graphic file (type png)
<use figures/euler_bernoulli_3d_5h.png>
Package pdftex.def Info: figures/euler_bernoulli_3d_5h.png  used on input line 
131.
(pdftex.def)             Requested size: 210.3209pt x 214.59709pt.
<figures/euler_bernoulli_3d_20h.png, id=463, 552.1428pt x 568.2831pt>
File: figures/euler_bernoulli_3d_20h.png Graphic file (type png)
<use figures/euler_bernoulli_3d_20h.png>
Package pdftex.def Info: figures/euler_bernoulli_3d_20h.png  used on input line
 137.
(pdftex.def)             Requested size: 210.3209pt x 216.46143pt.

Underfull \vbox (badness 10000) has occurred while \output is active []

 [16 <./figures/validation_error_5h.png> <./figures/validation_error_15h.png> <
./figures/euler_bernoulli_beam_5h.png> <./figures/euler_bernoulli_beam_20h.png>
]
<figures/weight_factors_5h.png, id=474, 850.1361pt x 424.2249pt>
File: figures/weight_factors_5h.png Graphic file (type png)
<use figures/weight_factors_5h.png>
Package pdftex.def Info: figures/weight_factors_5h.png  used on input line 150.

(pdftex.def)             Requested size: 210.3209pt x 104.94905pt.
<figures/weight_factors_15h.png, id=475, 850.377pt x 424.2249pt>
File: figures/weight_factors_15h.png Graphic file (type png)
<use figures/weight_factors_15h.png>
Package pdftex.def Info: figures/weight_factors_15h.png  used on input line 156
.
(pdftex.def)             Requested size: 210.3209pt x 104.92316pt.
<figures/space_slices_5h.png, id=476, 711.1368pt x 1045.2651pt>
File: figures/space_slices_5h.png Graphic file (type png)
<use figures/space_slices_5h.png>
Package pdftex.def Info: figures/space_slices_5h.png  used on input line 169.
(pdftex.def)             Requested size: 210.3209pt x 309.13206pt.
<figures/space_slices_20h.png, id=477, 711.1368pt x 1045.2651pt>
File: figures/space_slices_20h.png Graphic file (type png)
<use figures/space_slices_20h.png>
Package pdftex.def Info: figures/space_slices_20h.png  used on input line 175.
(pdftex.def)             Requested size: 210.3209pt x 309.13206pt.

Underfull \vbox (badness 10000) has occurred while \output is active []

 [17 <./figures/euler_bernoulli_3d_5h.png> <./figures/euler_bernoulli_3d_20h.pn
g> <./figures/weight_factors_5h.png> <./figures/weight_factors_15h.png>]
<figures/time_slices_5h.png, id=488, 710.8959pt x 1045.2651pt>
File: figures/time_slices_5h.png Graphic file (type png)
<use figures/time_slices_5h.png>
Package pdftex.def Info: figures/time_slices_5h.png  used on input line 186.
(pdftex.def)             Requested size: 210.3209pt x 309.24371pt.
<figures/time_slices_20h.png, id=489, 711.1368pt x 1045.2651pt>
File: figures/time_slices_20h.png Graphic file (type png)
<use figures/time_slices_20h.png>
Package pdftex.def Info: figures/time_slices_20h.png  used on input line 192.
(pdftex.def)             Requested size: 210.3209pt x 309.13206pt.

Underfull \vbox (badness 10000) has occurred while \output is active []

 [18 <./figures/space_slices_5h.png> <./figures/space_slices_20h.png>]
<figures/comparison_5h.png, id=497, 1277.4927pt x 381.1038pt>
File: figures/comparison_5h.png Graphic file (type png)
<use figures/comparison_5h.png>
Package pdftex.def Info: figures/comparison_5h.png  used on input line 205.
(pdftex.def)             Requested size: 210.3209pt x 62.73984pt.
<figures/comparison_20h.png, id=498, 1277.4927pt x 381.1038pt>
File: figures/comparison_20h.png Graphic file (type png)
<use figures/comparison_20h.png>
Package pdftex.def Info: figures/comparison_20h.png  used on input line 211.
(pdftex.def)             Requested size: 210.3209pt x 62.73984pt.
<figures/3d_comparison_error_25h.png, id=499, 681.0243pt x 552.1428pt>
File: figures/3d_comparison_error_25h.png Graphic file (type png)
<use figures/3d_comparison_error_25h.png>
Package pdftex.def Info: figures/3d_comparison_error_25h.png  used on input lin
e 230.
(pdftex.def)             Requested size: 140.2184pt x 113.67865pt.
<figures/3d_comparison_error_30h.png, id=500, 681.0243pt x 552.1428pt>
File: figures/3d_comparison_error_30h.png Graphic file (type png)
<use figures/3d_comparison_error_30h.png>
Package pdftex.def Info: figures/3d_comparison_error_30h.png  used on input lin
e 236.
(pdftex.def)             Requested size: 140.2184pt x 113.67865pt.
<figures/3d_comparison_error_35h.png, id=501, 681.0243pt x 552.1428pt>
File: figures/3d_comparison_error_35h.png Graphic file (type png)
<use figures/3d_comparison_error_35h.png>
Package pdftex.def Info: figures/3d_comparison_error_35h.png  used on input lin
e 242.
(pdftex.def)             Requested size: 140.2184pt x 113.67865pt.

Underfull \vbox (badness 10000) has occurred while \output is active []

 [19 <./figures/time_slices_5h.png> <./figures/time_slices_20h.png> <./figures/
comparison_5h.png> <./figures/comparison_20h.png>]
<figures/3d_comparison_error_40h.png, id=513, 681.0243pt x 552.1428pt>
File: figures/3d_comparison_error_40h.png Graphic file (type png)
<use figures/3d_comparison_error_40h.png>
Package pdftex.def Info: figures/3d_comparison_error_40h.png  used on input lin
e 253.
(pdftex.def)             Requested size: 210.3209pt x 170.51378pt.
<figures/3d_comparison_pinn_solution_20h.png, id=514, 683.1924pt x 552.1428pt>
File: figures/3d_comparison_pinn_solution_20h.png Graphic file (type png)
<use figures/3d_comparison_pinn_solution_20h.png>
Package pdftex.def Info: figures/3d_comparison_pinn_solution_20h.png  used on i
nput line 259.
(pdftex.def)             Requested size: 210.3209pt x 169.97458pt.
<figures/3d_comparison_pinn_solution_25h.png, id=515, 677.1699pt x 552.1428pt>
File: figures/3d_comparison_pinn_solution_25h.png Graphic file (type png)
<use figures/3d_comparison_pinn_solution_25h.png>
Package pdftex.def Info: figures/3d_comparison_pinn_solution_25h.png  used on i
nput line 272.
(pdftex.def)             Requested size: 140.2184pt x 114.32738pt.
<figures/3d_comparison_pinn_solution_35h.png, id=516, 677.1699pt x 552.1428pt>
File: figures/3d_comparison_pinn_solution_35h.png Graphic file (type png)
<use figures/3d_comparison_pinn_solution_35h.png>
Package pdftex.def Info: figures/3d_comparison_pinn_solution_35h.png  used on i
nput line 278.
(pdftex.def)             Requested size: 140.2184pt x 114.32738pt.
<figures/3d_comparison_pinn_solution_40h.png, id=517, 683.1924pt x 552.1428pt>
File: figures/3d_comparison_pinn_solution_40h.png Graphic file (type png)
<use figures/3d_comparison_pinn_solution_40h.png>
Package pdftex.def Info: figures/3d_comparison_pinn_solution_40h.png  used on i
nput line 284.
(pdftex.def)             Requested size: 140.2184pt x 113.31638pt.
<figures/3d_comparison_pinn_solution_50h.png, id=518, 683.1924pt x 552.1428pt>
File: figures/3d_comparison_pinn_solution_50h.png Graphic file (type png)
<use figures/3d_comparison_pinn_solution_50h.png>
Package pdftex.def Info: figures/3d_comparison_pinn_solution_50h.png  used on i
nput line 293.
(pdftex.def)             Requested size: 262.90614pt x 212.47032pt.

Underfull \vbox (badness 10000) has occurred while \output is active []

 [20 <./figures/3d_comparison_error_25h.png> <./figures/3d_comparison_error_30h
.png> <./figures/3d_comparison_error_35h.png> <./figures/3d_comparison_error_40
h.png> <./figures/3d_comparison_pinn_solution_20h.png> <./figures/3d_comparison
_pinn_solution_25h.png> <./figures/3d_comparison_pinn_solution_35h.png> <./figu
res/3d_comparison_pinn_solution_40h.png>]
<figures/space_slices_15h.png, id=534, 711.1368pt x 1045.2651pt>
File: figures/space_slices_15h.png Graphic file (type png)
<use figures/space_slices_15h.png>
Package pdftex.def Info: figures/space_slices_15h.png  used on input line 304.
(pdftex.def)             Requested size: 140.2184pt x 206.09866pt.
<figures/space_slices_25h.png, id=535, 711.1368pt x 1045.2651pt>
File: figures/space_slices_25h.png Graphic file (type png)
<use figures/space_slices_25h.png>
Package pdftex.def Info: figures/space_slices_25h.png  used on input line 310.
(pdftex.def)             Requested size: 140.2184pt x 206.09866pt.
<figures/space_slices_30h.png, id=536, 711.1368pt x 1045.2651pt>
File: figures/space_slices_30h.png Graphic file (type png)
<use figures/space_slices_30h.png>
Package pdftex.def Info: figures/space_slices_30h.png  used on input line 316.
(pdftex.def)             Requested size: 140.2184pt x 206.09866pt.
<figures/space_slices_35h.png, id=537, 711.1368pt x 1045.2651pt>
File: figures/space_slices_35h.png Graphic file (type png)
<use figures/space_slices_35h.png>
Package pdftex.def Info: figures/space_slices_35h.png  used on input line 327.
(pdftex.def)             Requested size: 140.2184pt x 206.09866pt.
<figures/space_slices_40h.png, id=538, 711.1368pt x 1045.2651pt>
File: figures/space_slices_40h.png Graphic file (type png)
<use figures/space_slices_40h.png>
Package pdftex.def Info: figures/space_slices_40h.png  used on input line 333.
(pdftex.def)             Requested size: 140.2184pt x 206.09866pt.
<figures/space_slices_45h.png, id=539, 711.1368pt x 1045.2651pt>
File: figures/space_slices_45h.png Graphic file (type png)
<use figures/space_slices_45h.png>
Package pdftex.def Info: figures/space_slices_45h.png  used on input line 339.
(pdftex.def)             Requested size: 140.2184pt x 206.09866pt.

Underfull \vbox (badness 10000) has occurred while \output is active []

 [21 <./figures/3d_comparison_pinn_solution_50h.png> <./figures/space_slices_15
h.png> <./figures/space_slices_25h.png> <./figures/space_slices_30h.png>]
<figures/space_slices_50h.png, id=550, 711.1368pt x 1045.2651pt>
File: figures/space_slices_50h.png Graphic file (type png)
<use figures/space_slices_50h.png>
Package pdftex.def Info: figures/space_slices_50h.png  used on input line 348.
(pdftex.def)             Requested size: 262.90614pt x 386.42305pt.
<figures/time_slices_15h.png, id=551, 711.1368pt x 1045.2651pt>
File: figures/time_slices_15h.png Graphic file (type png)
<use figures/time_slices_15h.png>
Package pdftex.def Info: figures/time_slices_15h.png  used on input line 359.
(pdftex.def)             Requested size: 140.2184pt x 206.09866pt.
<figures/time_slices_25h.png, id=552, 711.1368pt x 1045.2651pt>
File: figures/time_slices_25h.png Graphic file (type png)
<use figures/time_slices_25h.png>
Package pdftex.def Info: figures/time_slices_25h.png  used on input line 365.
(pdftex.def)             Requested size: 140.2184pt x 206.09866pt.
<figures/time_slices_30h.png, id=553, 711.1368pt x 1045.2651pt>
File: figures/time_slices_30h.png Graphic file (type png)
<use figures/time_slices_30h.png>
Package pdftex.def Info: figures/time_slices_30h.png  used on input line 371.
(pdftex.def)             Requested size: 140.2184pt x 206.09866pt.

Underfull \vbox (badness 10000) has occurred while \output is active []

 [22 <./figures/space_slices_35h.png> <./figures/space_slices_40h.png> <./figur
es/space_slices_45h.png> <./figures/space_slices_50h.png>]
<figures/time_slices_35h.png, id=564, 711.1368pt x 1045.2651pt>
File: figures/time_slices_35h.png Graphic file (type png)
<use figures/time_slices_35h.png>
Package pdftex.def Info: figures/time_slices_35h.png  used on input line 382.
(pdftex.def)             Requested size: 140.2184pt x 206.09866pt.
<figures/time_slices_40h.png, id=565, 711.1368pt x 1045.2651pt>
File: figures/time_slices_40h.png Graphic file (type png)
<use figures/time_slices_40h.png>
Package pdftex.def Info: figures/time_slices_40h.png  used on input line 388.
(pdftex.def)             Requested size: 140.2184pt x 206.09866pt.
<figures/time_slices_45h.png, id=566, 711.1368pt x 1045.2651pt>
File: figures/time_slices_45h.png Graphic file (type png)
<use figures/time_slices_45h.png>
Package pdftex.def Info: figures/time_slices_45h.png  used on input line 394.
(pdftex.def)             Requested size: 140.2184pt x 206.09866pt.
<figures/time_slices_50h.png, id=567, 711.1368pt x 1045.2651pt>
File: figures/time_slices_50h.png Graphic file (type png)
<use figures/time_slices_50h.png>
Package pdftex.def Info: figures/time_slices_50h.png  used on input line 403.
(pdftex.def)             Requested size: 262.90614pt x 386.42305pt.

Underfull \vbox (badness 10000) has occurred while \output is active []

 [23 <./figures/time_slices_15h.png> <./figures/time_slices_25h.png> <./figures
/time_slices_30h.png> <./figures/time_slices_35h.png> <./figures/time_slices_40
h.png> <./figures/time_slices_45h.png>]
<figures/training_losses_20h.png, id=580, 855.9177pt x 423.7431pt>
File: figures/training_losses_20h.png Graphic file (type png)
<use figures/training_losses_20h.png>
Package pdftex.def Info: figures/training_losses_20h.png  used on input line 41
4.
(pdftex.def)             Requested size: 140.2184pt x 69.41672pt.
<figures/training_losses_25h.png, id=581, 855.9177pt x 423.7431pt>
File: figures/training_losses_25h.png Graphic file (type png)
<use figures/training_losses_25h.png>
Package pdftex.def Info: figures/training_losses_25h.png  used on input line 42
0.
(pdftex.def)             Requested size: 140.2184pt x 69.41672pt.
<figures/training_losses_30h.png, id=582, 855.9177pt x 423.7431pt>
File: figures/training_losses_30h.png Graphic file (type png)
<use figures/training_losses_30h.png>
Package pdftex.def Info: figures/training_losses_30h.png  used on input line 42
6.
(pdftex.def)             Requested size: 140.2184pt x 69.41672pt.
<figures/training_losses_35h.png, id=583, 855.9177pt x 423.7431pt>
File: figures/training_losses_35h.png Graphic file (type png)
<use figures/training_losses_35h.png>
Package pdftex.def Info: figures/training_losses_35h.png  used on input line 43
7.
(pdftex.def)             Requested size: 140.2184pt x 69.41672pt.
<figures/training_losses_40h.png, id=584, 855.9177pt x 423.7431pt>
File: figures/training_losses_40h.png Graphic file (type png)
<use figures/training_losses_40h.png>
Package pdftex.def Info: figures/training_losses_40h.png  used on input line 44
3.
(pdftex.def)             Requested size: 140.2184pt x 69.41672pt.
<figures/training_losses_45h.png, id=585, 855.9177pt x 423.7431pt>
File: figures/training_losses_45h.png Graphic file (type png)
<use figures/training_losses_45h.png>
Package pdftex.def Info: figures/training_losses_45h.png  used on input line 44
9.
(pdftex.def)             Requested size: 140.2184pt x 69.41672pt.

Underfull \vbox (badness 10000) has occurred while \output is active []

 [24 <./figures/time_slices_50h.png> <./figures/training_losses_20h.png> <./fig
ures/training_losses_25h.png> <./figures/training_losses_30h.png>]
<figures/training_losses_50h.png, id=596, 855.9177pt x 423.7431pt>
File: figures/training_losses_50h.png Graphic file (type png)
<use figures/training_losses_50h.png>
Package pdftex.def Info: figures/training_losses_50h.png  used on input line 46
0.
(pdftex.def)             Requested size: 210.3209pt x 104.12508pt.
<figures/training_losses.png, id=597, 816.1692pt x 567.0786pt>
File: figures/training_losses.png Graphic file (type png)
<use figures/training_losses.png>
Package pdftex.def Info: figures/training_losses.png  used on input line 466.
(pdftex.def)             Requested size: 210.3209pt x 146.13036pt.
<figures/training_losses_final.png, id=598, 1000.2168pt x 422.5386pt>
File: figures/training_losses_final.png Graphic file (type png)
<use figures/training_losses_final.png>
Package pdftex.def Info: figures/training_losses_final.png  used on input line 
475.
(pdftex.def)             Requested size: 350.5393pt x 148.08414pt.
<figures/validation_error_20h.png, id=599, 855.9177pt x 423.0204pt>
File: figures/validation_error_20h.png Graphic file (type png)
<use figures/validation_error_20h.png>
Package pdftex.def Info: figures/validation_error_20h.png  used on input line 4
86.
(pdftex.def)             Requested size: 140.2184pt x 69.29832pt.
<figures/validation_error_25h.png, id=600, 855.9177pt x 423.0204pt>
File: figures/validation_error_25h.png Graphic file (type png)
<use figures/validation_error_25h.png>
Package pdftex.def Info: figures/validation_error_25h.png  used on input line 4
92.
(pdftex.def)             Requested size: 140.2184pt x 69.29832pt.
<figures/validation_error_30h.png, id=601, 855.9177pt x 423.2613pt>
File: figures/validation_error_30h.png Graphic file (type png)
<use figures/validation_error_30h.png>
Package pdftex.def Info: figures/validation_error_30h.png  used on input line 4
98.
(pdftex.def)             Requested size: 140.2184pt x 69.3378pt.

Underfull \vbox (badness 10000) has occurred while \output is active []

 [25 <./figures/training_losses_35h.png> <./figures/training_losses_40h.png> <.
/figures/training_losses_45h.png> <./figures/training_losses_50h.png> <./figure
s/training_losses.png> <./figures/training_losses_final.png>]
<figures/validation_error_35h.png, id=616, 855.9177pt x 423.2613pt>
File: figures/validation_error_35h.png Graphic file (type png)
<use figures/validation_error_35h.png>
Package pdftex.def Info: figures/validation_error_35h.png  used on input line 5
09.
(pdftex.def)             Requested size: 140.2184pt x 69.3378pt.
<figures/validation_error_40h.png, id=617, 855.9177pt x 423.0204pt>
File: figures/validation_error_40h.png Graphic file (type png)
<use figures/validation_error_40h.png>
Package pdftex.def Info: figures/validation_error_40h.png  used on input line 5
15.
(pdftex.def)             Requested size: 140.2184pt x 69.29832pt.
<figures/validation_error_45h.png, id=618, 855.9177pt x 423.7431pt>
File: figures/validation_error_45h.png Graphic file (type png)
<use figures/validation_error_45h.png>
Package pdftex.def Info: figures/validation_error_45h.png  used on input line 5
21.
(pdftex.def)             Requested size: 140.2184pt x 69.41672pt.
<figures/validation_error_50h.png, id=619, 855.9177pt x 423.2613pt>
File: figures/validation_error_50h.png Graphic file (type png)
<use figures/validation_error_50h.png>
Package pdftex.def Info: figures/validation_error_50h.png  used on input line 5
32.
(pdftex.def)             Requested size: 210.3209pt x 104.0067pt.
<figures/validation_error.png, id=620, 816.1692pt x 567.0786pt>
File: figures/validation_error.png Graphic file (type png)
<use figures/validation_error.png>
Package pdftex.def Info: figures/validation_error.png  used on input line 538.
(pdftex.def)             Requested size: 210.3209pt x 146.13036pt.
<figures/validation_error_final.png, id=621, 1000.2168pt x 711.6186pt>
File: figures/validation_error_final.png Graphic file (type png)
<use figures/validation_error_final.png>
Package pdftex.def Info: figures/validation_error_final.png  used on input line
 547.
(pdftex.def)             Requested size: 350.5393pt x 249.396pt.

Underfull \vbox (badness 10000) has occurred while \output is active []

 [26 <./figures/validation_error_20h.png> <./figures/validation_error_25h.png> 
<./figures/validation_error_30h.png> <./figures/validation_error_35h.png> <./fi
gures/validation_error_40h.png> <./figures/validation_error_45h.png> <./figures
/validation_error_50h.png> <./figures/validation_error.png>]
<figures/weight_factors_20h.png, id=637, 850.377pt x 424.2249pt>
File: figures/weight_factors_20h.png Graphic file (type png)
<use figures/weight_factors_20h.png>
Package pdftex.def Info: figures/weight_factors_20h.png  used on input line 558
.
(pdftex.def)             Requested size: 140.2184pt x 69.94876pt.
<figures/weight_factors_25h.png, id=638, 850.377pt x 424.2249pt>
File: figures/weight_factors_25h.png Graphic file (type png)
<use figures/weight_factors_25h.png>
Package pdftex.def Info: figures/weight_factors_25h.png  used on input line 564
.
(pdftex.def)             Requested size: 140.2184pt x 69.94876pt.
<figures/weight_factors_30h.png, id=639, 850.6179pt x 424.2249pt>
File: figures/weight_factors_30h.png Graphic file (type png)
<use figures/weight_factors_30h.png>
Package pdftex.def Info: figures/weight_factors_30h.png  used on input line 570
.
(pdftex.def)             Requested size: 140.2184pt x 69.92935pt.
<figures/weight_factors_35h.png, id=640, 850.6179pt x 424.2249pt>
File: figures/weight_factors_35h.png Graphic file (type png)
<use figures/weight_factors_35h.png>
Package pdftex.def Info: figures/weight_factors_35h.png  used on input line 581
.
(pdftex.def)             Requested size: 140.2184pt x 69.92935pt.
<figures/weight_factors_40h.png, id=641, 850.377pt x 424.2249pt>
File: figures/weight_factors_40h.png Graphic file (type png)
<use figures/weight_factors_40h.png>
Package pdftex.def Info: figures/weight_factors_40h.png  used on input line 587
.
(pdftex.def)             Requested size: 140.2184pt x 69.94876pt.
<figures/weight_factors_45h.png, id=642, 850.377pt x 424.2249pt>
File: figures/weight_factors_45h.png Graphic file (type png)
<use figures/weight_factors_45h.png>
Package pdftex.def Info: figures/weight_factors_45h.png  used on input line 593
.
(pdftex.def)             Requested size: 140.2184pt x 69.94876pt.
<figures/weight_factors_50h.png, id=643, 850.377pt x 424.2249pt>
File: figures/weight_factors_50h.png Graphic file (type png)
<use figures/weight_factors_50h.png>
Package pdftex.def Info: figures/weight_factors_50h.png  used on input line 604
.
(pdftex.def)             Requested size: 210.3209pt x 104.92316pt.
<figures/weight_factors.png, id=644, 1000.9395pt x 702.7053pt>
File: figures/weight_factors.png Graphic file (type png)
<use figures/weight_factors.png>
Package pdftex.def Info: figures/weight_factors.png  used on input line 610.
(pdftex.def)             Requested size: 210.3209pt x 147.64752pt.

Underfull \vbox (badness 10000) has occurred while \output is active []

 [27 <./figures/validation_error_final.png> <./figures/weight_factors_20h.png> 
<./figures/weight_factors_25h.png> <./figures/weight_factors_30h.png> <./figure
s/weight_factors_35h.png> <./figures/weight_factors_40h.png> <./figures/weight_
factors_45h.png>])
Underfull \vbox (badness 10000) has occurred while \output is active []

 [28 <./figures/weight_factors_50h.png> <./figures/weight_factors.png>]
Underfull \vbox (badness 10000) has occurred while \output is active []

 [29 <./figures/infographic.png>]
Underfull \vbox (badness 10000) has occurred while \output is active []

 [30 <./figures/pinn_architecture_diagram.png>]
Underfull \vbox (badness 10000) has occurred while \output is active []

 [31 <./figures/workflow_diagram.png> <./figures/error_metrics_comparison.png>]

Underfull \vbox (badness 10000) has occurred while \output is active []

 [32 <./figures/3d_comparison_pinn_solution_10h.png> <./figures/error_distribut
ion_10h.png>]
Underfull \vbox (badness 10000) has occurred while \output is active []

 [33 <./figures/training_losses_10h.png> <./figures/validation_error_10h.png>]
Underfull \vbox (badness 10000) has occurred while \output is active []

 [34 <./figures/l2_error_comparison.png> <./figures/validation_error_heatmap.pn
g>]
Underfull \vbox (badness 10000) has occurred while \output is active []

 [35 <./figures/space_slices_10h.png> <./figures/time_slices_10h.png> <./figure
s/euler_bernoulli_beam_10h.png>]
Underfull \vbox (badness 10000) has occurred while \output is active []

 [36 <./figures/euler_bernoulli_3d_10h.png>]
Underfull \vbox (badness 10000) has occurred while \output is active []

 [37 <./figures/weight_factors_10h.png> <./figures/comparison_10h.png>] (./main
.aux)

LaTeX Font Warning: Size substitutions with differences
(Font)              up to 0.985pt have occurred.

Package rerunfilecheck Info: File `main.out' has not changed.
(rerunfilecheck)             Checksum: 7E8C7AC53069839ADA90555FD7FE8790;9194.
 ) 
Here is how much of TeX's memory you used:
 16647 strings out of 480171
 277466 string characters out of 5894489
 555283 words of memory out of 5000000
 34041 multiletter control sequences out of 15000+600000
 502303 words of font info for 156 fonts, out of 8000000 for 9000
 69 hyphenation exceptions out of 8191
 85i,13n,90p,1532b,570s stack positions out of 5000i,500n,10000p,200000b,80000s
 </home/wslee/.texlive2021/texmf-var/fonts/pk/ljfour/jknappen/ec/tcrm1000.600
pk> </home/wslee/.texlive2021/texmf-var/fonts/pk/ljfour/jknappen/ec/tcrm0900.60
2pk></usr/share/texlive/texmf-dist/fonts/type1/public/amsfonts/cm/cmbsy10.pfb><
/usr/share/texlive/texmf-dist/fonts/type1/public/amsfonts/cmextra/cmbsy7.pfb></
usr/share/texlive/texmf-dist/fonts/type1/public/amsfonts/cm/cmbx10.pfb></usr/sh
are/texlive/texmf-dist/fonts/type1/public/amsfonts/cm/cmbx12.pfb></usr/share/te
xlive/texmf-dist/fonts/type1/public/amsfonts/cm/cmbx5.pfb></usr/share/texlive/t
exmf-dist/fonts/type1/public/amsfonts/cm/cmbx6.pfb></usr/share/texlive/texmf-di
st/fonts/type1/public/amsfonts/cm/cmbx8.pfb></usr/share/texlive/texmf-dist/font
s/type1/public/amsfonts/cm/cmbx9.pfb></usr/share/texlive/texmf-dist/fonts/type1
/public/amsfonts/cm/cmex10.pfb></usr/share/texlive/texmf-dist/fonts/type1/publi
c/amsfonts/cm/cmmi10.pfb></usr/share/texlive/texmf-dist/fonts/type1/public/amsf
onts/cm/cmmi5.pfb></usr/share/texlive/texmf-dist/fonts/type1/public/amsfonts/cm
/cmmi7.pfb></usr/share/texlive/texmf-dist/fonts/type1/public/amsfonts/cm/cmmi8.
pfb></usr/share/texlive/texmf-dist/fonts/type1/public/amsfonts/cm/cmmi9.pfb></u
sr/share/texlive/texmf-dist/fonts/type1/public/amsfonts/cm/cmmib10.pfb></usr/sh
are/texlive/texmf-dist/fonts/type1/public/amsfonts/cm/cmr10.pfb></usr/share/tex
live/texmf-dist/fonts/type1/public/amsfonts/cm/cmr12.pfb></usr/share/texlive/te
xmf-dist/fonts/type1/public/amsfonts/cm/cmr17.pfb></usr/share/texlive/texmf-dis
t/fonts/type1/public/amsfonts/cm/cmr5.pfb></usr/share/texlive/texmf-dist/fonts/
type1/public/amsfonts/cm/cmr7.pfb></usr/share/texlive/texmf-dist/fonts/type1/pu
blic/amsfonts/cm/cmr8.pfb></usr/share/texlive/texmf-dist/fonts/type1/public/ams
fonts/cm/cmr9.pfb></usr/share/texlive/texmf-dist/fonts/type1/public/amsfonts/cm
/cmsy10.pfb></usr/share/texlive/texmf-dist/fonts/type1/public/amsfonts/cm/cmsy5
.pfb></usr/share/texlive/texmf-dist/fonts/type1/public/amsfonts/cm/cmsy7.pfb></
usr/share/texlive/texmf-dist/fonts/type1/public/amsfonts/cm/cmsy8.pfb></usr/sha
re/texlive/texmf-dist/fonts/type1/public/amsfonts/cm/cmsy9.pfb></usr/share/texl
ive/texmf-dist/fonts/type1/public/amsfonts/cm/cmti10.pfb></usr/share/texlive/te
xmf-dist/fonts/type1/public/amsfonts/symbols/msbm10.pfb>
Output written on main.pdf (37 pages, 41069281 bytes).
PDF statistics:
 897 PDF objects out of 1000 (max. 8388607)
 613 compressed objects within 7 object streams
 194 named destinations out of 1000 (max. 500000)
 761 words of extra memory for PDF output out of 10000 (max. 10000000)

