This is pdfTeX, Version 3.141592653-2.6-1.40.22 (TeX Live 2022/dev/Debian) (preloaded format=pdflatex 2025.6.30)  17 JUL 2025 01:01
entering extended mode
 restricted \write18 enabled.
 %&-line parsing enabled.
**results_wrapper
(./results_wrapper.tex
LaTeX2e <2021-11-15> patch level 1
L3 programming layer <2022-01-21> (./elsarticle.cls
Document Class: elsarticle 2020/11/20, 3.3: Elsevier Ltd
(/usr/share/texlive/texmf-dist/tex/latex/l3kernel/expl3.sty
Package: expl3 2022-01-21 L3 programming layer (loader) 

(/usr/share/texlive/texmf-dist/tex/latex/l3backend/l3backend-pdftex.def
File: l3backend-pdftex.def 2022-01-12 L3 backend support: PDF output (pdfTeX)
\l__color_backend_stack_int=\count185
\l__pdf_internal_box=\box50
))
(/usr/share/texlive/texmf-dist/tex/latex/l3packages/xparse/xparse.sty
Package: xparse 2022-01-12 L3 Experimental document command parser
)
(/usr/share/texlive/texmf-dist/tex/latex/etoolbox/etoolbox.sty
Package: etoolbox 2020/10/05 v2.5k e-TeX tools for LaTeX (JAW)
\etb@tempcnta=\count186
)
\@bls=\dimen138

(/usr/share/texlive/texmf-dist/tex/latex/base/article.cls
Document Class: article 2021/10/04 v1.4n Standard LaTeX document class
(/usr/share/texlive/texmf-dist/tex/latex/base/size12.clo
File: size12.clo 2021/10/04 v1.4n Standard LaTeX file (size option)
)
\c@part=\count187
\c@section=\count188
\c@subsection=\count189
\c@subsubsection=\count190
\c@paragraph=\count191
\c@subparagraph=\count192
\c@figure=\count193
\c@table=\count194
\abovecaptionskip=\skip47
\belowcaptionskip=\skip48
\bibindent=\dimen139
)
(/usr/share/texlive/texmf-dist/tex/latex/graphics/graphicx.sty
Package: graphicx 2021/09/16 v1.2d Enhanced LaTeX Graphics (DPC,SPQR)

(/usr/share/texlive/texmf-dist/tex/latex/graphics/keyval.sty
Package: keyval 2014/10/28 v1.15 key=value parser (DPC)
\KV@toks@=\toks16
)
(/usr/share/texlive/texmf-dist/tex/latex/graphics/graphics.sty
Package: graphics 2021/03/04 v1.4d Standard LaTeX Graphics (DPC,SPQR)

(/usr/share/texlive/texmf-dist/tex/latex/graphics/trig.sty
Package: trig 2021/08/11 v1.11 sin cos tan (DPC)
)
(/usr/share/texlive/texmf-dist/tex/latex/graphics-cfg/graphics.cfg
File: graphics.cfg 2016/06/04 v1.11 sample graphics configuration
)
Package graphics Info: Driver file: pdftex.def on input line 107.

(/usr/share/texlive/texmf-dist/tex/latex/graphics-def/pdftex.def
File: pdftex.def 2020/10/05 v1.2a Graphics/color driver for pdftex
))
\Gin@req@height=\dimen140
\Gin@req@width=\dimen141
)
\c@tnote=\count195
\c@fnote=\count196
\c@cnote=\count197
\c@ead=\count198
\c@author=\count199
\@eadauthor=\toks17
\c@affn=\count266
\absbox=\box51
\elsarticlehighlightsbox=\box52
\elsarticlegrabsbox=\box53
\keybox=\box54
\Columnwidth=\dimen142
\space@left=\dimen143
\els@boxa=\box55
\els@boxb=\box56
\leftMargin=\dimen144
\@enLab=\toks18
\@sep=\skip49
\@@sep=\skip50

(./results_wrapper.spl)
(/usr/share/texlive/texmf-dist/tex/latex/natbib/natbib.sty
Package: natbib 2010/09/13 8.31b (PWD, AO)
\bibhang=\skip51
\bibsep=\skip52
LaTeX Info: Redefining \cite on input line 694.
\c@NAT@ctr=\count267
)
\splwrite=\write3
\openout3 = `results_wrapper.spl'.

\appnamewidth=\dimen145
)
(/usr/share/texlive/texmf-dist/tex/latex/amsmath/amsmath.sty
Package: amsmath 2021/10/15 v2.17l AMS math features
\@mathmargin=\skip53

For additional information on amsmath, use the `?' option.
(/usr/share/texlive/texmf-dist/tex/latex/amsmath/amstext.sty
Package: amstext 2021/08/26 v2.01 AMS text

(/usr/share/texlive/texmf-dist/tex/latex/amsmath/amsgen.sty
File: amsgen.sty 1999/11/30 v2.0 generic functions
\@emptytoks=\toks19
\ex@=\dimen146
))
(/usr/share/texlive/texmf-dist/tex/latex/amsmath/amsbsy.sty
Package: amsbsy 1999/11/29 v1.2d Bold Symbols
\pmbraise@=\dimen147
)
(/usr/share/texlive/texmf-dist/tex/latex/amsmath/amsopn.sty
Package: amsopn 2021/08/26 v2.02 operator names
)
\inf@bad=\count268
LaTeX Info: Redefining \frac on input line 234.
\uproot@=\count269
\leftroot@=\count270
LaTeX Info: Redefining \overline on input line 399.
\classnum@=\count271
\DOTSCASE@=\count272
LaTeX Info: Redefining \ldots on input line 496.
LaTeX Info: Redefining \dots on input line 499.
LaTeX Info: Redefining \cdots on input line 620.
\Mathstrutbox@=\box57
\strutbox@=\box58
\big@size=\dimen148
LaTeX Font Info:    Redeclaring font encoding OML on input line 743.
LaTeX Font Info:    Redeclaring font encoding OMS on input line 744.
\macc@depth=\count273
\c@MaxMatrixCols=\count274
\dotsspace@=\muskip16
\c@parentequation=\count275
\dspbrk@lvl=\count276
\tag@help=\toks20
\row@=\count277
\column@=\count278
\maxfields@=\count279
\andhelp@=\toks21
\eqnshift@=\dimen149
\alignsep@=\dimen150
\tagshift@=\dimen151
\tagwidth@=\dimen152
\totwidth@=\dimen153
\lineht@=\dimen154
\@envbody=\toks22
\multlinegap=\skip54
\multlinetaggap=\skip55
\mathdisplay@stack=\toks23
LaTeX Info: Redefining \[ on input line 2938.
LaTeX Info: Redefining \] on input line 2939.
)
(/usr/share/texlive/texmf-dist/tex/latex/amsfonts/amssymb.sty
Package: amssymb 2013/01/14 v3.01 AMS font symbols

(/usr/share/texlive/texmf-dist/tex/latex/amsfonts/amsfonts.sty
Package: amsfonts 2013/01/14 v3.01 Basic AMSFonts support
\symAMSa=\mathgroup4
\symAMSb=\mathgroup5
LaTeX Font Info:    Redeclaring math symbol \hbar on input line 98.
LaTeX Font Info:    Overwriting math alphabet `\mathfrak' in version `bold'
(Font)                  U/euf/m/n --> U/euf/b/n on input line 106.
))
(/usr/share/texlive/texmf-dist/tex/latex/booktabs/booktabs.sty
Package: booktabs 2020/01/12 v1.61803398 Publication quality tables
\heavyrulewidth=\dimen155
\lightrulewidth=\dimen156
\cmidrulewidth=\dimen157
\belowrulesep=\dimen158
\belowbottomsep=\dimen159
\aboverulesep=\dimen160
\abovetopsep=\dimen161
\cmidrulesep=\dimen162
\cmidrulekern=\dimen163
\defaultaddspace=\dimen164
\@cmidla=\count280
\@cmidlb=\count281
\@aboverulesep=\dimen165
\@belowrulesep=\dimen166
\@thisruleclass=\count282
\@lastruleclass=\count283
\@thisrulewidth=\dimen167
)
(/usr/share/texlive/texmf-dist/tex/latex/tools/verbatim.sty
Package: verbatim 2020-07-07 v1.5u LaTeX2e package for verbatim enhancements
\every@verbatim=\toks24
\verbatim@line=\toks25
\verbatim@in@stream=\read2
)
(/usr/share/texlive/texmf-dist/tex/latex/hyperref/hyperref.sty
Package: hyperref 2021-06-07 v7.00m Hypertext links for LaTeX

(/usr/share/texlive/texmf-dist/tex/generic/ltxcmds/ltxcmds.sty
Package: ltxcmds 2020-05-10 v1.25 LaTeX kernel commands for general use (HO)
)
(/usr/share/texlive/texmf-dist/tex/generic/iftex/iftex.sty
Package: iftex 2020/03/06 v1.0d TeX engine tests
)
(/usr/share/texlive/texmf-dist/tex/generic/pdftexcmds/pdftexcmds.sty
Package: pdftexcmds 2020-06-27 v0.33 Utility functions of pdfTeX for LuaTeX (HO
)

(/usr/share/texlive/texmf-dist/tex/generic/infwarerr/infwarerr.sty
Package: infwarerr 2019/12/03 v1.5 Providing info/warning/error messages (HO)
)
Package pdftexcmds Info: \pdf@primitive is available.
Package pdftexcmds Info: \pdf@ifprimitive is available.
Package pdftexcmds Info: \pdfdraftmode found.
)
(/usr/share/texlive/texmf-dist/tex/generic/kvsetkeys/kvsetkeys.sty
Package: kvsetkeys 2019/12/15 v1.18 Key value parser (HO)
)
(/usr/share/texlive/texmf-dist/tex/generic/kvdefinekeys/kvdefinekeys.sty
Package: kvdefinekeys 2019-12-19 v1.6 Define keys (HO)
)
(/usr/share/texlive/texmf-dist/tex/generic/pdfescape/pdfescape.sty
Package: pdfescape 2019/12/09 v1.15 Implements pdfTeX's escape features (HO)
)
(/usr/share/texlive/texmf-dist/tex/latex/hycolor/hycolor.sty
Package: hycolor 2020-01-27 v1.10 Color options for hyperref/bookmark (HO)
)
(/usr/share/texlive/texmf-dist/tex/latex/letltxmacro/letltxmacro.sty
Package: letltxmacro 2019/12/03 v1.6 Let assignment for LaTeX macros (HO)
)
(/usr/share/texlive/texmf-dist/tex/latex/auxhook/auxhook.sty
Package: auxhook 2019-12-17 v1.6 Hooks for auxiliary files (HO)
)
(/usr/share/texlive/texmf-dist/tex/latex/kvoptions/kvoptions.sty
Package: kvoptions 2020-10-07 v3.14 Key value format for package options (HO)
)
\@linkdim=\dimen168
\Hy@linkcounter=\count284
\Hy@pagecounter=\count285

(/usr/share/texlive/texmf-dist/tex/latex/hyperref/pd1enc.def
File: pd1enc.def 2021-06-07 v7.00m Hyperref: PDFDocEncoding definition (HO)
Now handling font encoding PD1 ...
... no UTF-8 mapping file for font encoding PD1
)
(/usr/share/texlive/texmf-dist/tex/latex/hyperref/hyperref-langpatches.def
File: hyperref-langpatches.def 2021-06-07 v7.00m Hyperref: patches for babel la
nguages
)
(/usr/share/texlive/texmf-dist/tex/generic/intcalc/intcalc.sty
Package: intcalc 2019/12/15 v1.3 Expandable calculations with integers (HO)
)
(/usr/share/texlive/texmf-dist/tex/generic/etexcmds/etexcmds.sty
Package: etexcmds 2019/12/15 v1.7 Avoid name clashes with e-TeX commands (HO)
)
\Hy@SavedSpaceFactor=\count286

(/usr/share/texlive/texmf-dist/tex/latex/hyperref/puenc.def
File: puenc.def 2021-06-07 v7.00m Hyperref: PDF Unicode definition (HO)
Now handling font encoding PU ...
... no UTF-8 mapping file for font encoding PU
)
Package hyperref Info: Hyper figures OFF on input line 4192.
Package hyperref Info: Link nesting OFF on input line 4197.
Package hyperref Info: Hyper index ON on input line 4200.
Package hyperref Info: Plain pages OFF on input line 4207.
Package hyperref Info: Backreferencing OFF on input line 4212.
Package hyperref Info: Implicit mode ON; LaTeX internals redefined.
Package hyperref Info: Bookmarks ON on input line 4445.
\c@Hy@tempcnt=\count287

(/usr/share/texlive/texmf-dist/tex/latex/url/url.sty
\Urlmuskip=\muskip17
Package: url 2013/09/16  ver 3.4  Verb mode for urls, etc.
)
LaTeX Info: Redefining \url on input line 4804.
\XeTeXLinkMargin=\dimen169

(/usr/share/texlive/texmf-dist/tex/generic/bitset/bitset.sty
Package: bitset 2019/12/09 v1.3 Handle bit-vector datatype (HO)

(/usr/share/texlive/texmf-dist/tex/generic/bigintcalc/bigintcalc.sty
Package: bigintcalc 2019/12/15 v1.5 Expandable calculations on big integers (HO
)
))
\Fld@menulength=\count288
\Field@Width=\dimen170
\Fld@charsize=\dimen171
Package hyperref Info: Hyper figures OFF on input line 6076.
Package hyperref Info: Link nesting OFF on input line 6081.
Package hyperref Info: Hyper index ON on input line 6084.
Package hyperref Info: backreferencing OFF on input line 6091.
Package hyperref Info: Link coloring OFF on input line 6096.
Package hyperref Info: Link coloring with OCG OFF on input line 6101.
Package hyperref Info: PDF/A mode OFF on input line 6106.
LaTeX Info: Redefining \ref on input line 6146.
LaTeX Info: Redefining \pageref on input line 6150.

(/usr/share/texlive/texmf-dist/tex/latex/base/atbegshi-ltx.sty
Package: atbegshi-ltx 2021/01/10 v1.0c Emulation of the original atbegshi
package with kernel methods
)
\Hy@abspage=\count289
\c@Item=\count290
\c@Hfootnote=\count291
)
Package hyperref Info: Driver (autodetected): hpdftex.

(/usr/share/texlive/texmf-dist/tex/latex/hyperref/hpdftex.def
File: hpdftex.def 2021-06-07 v7.00m Hyperref driver for pdfTeX

(/usr/share/texlive/texmf-dist/tex/latex/base/atveryend-ltx.sty
Package: atveryend-ltx 2020/08/19 v1.0a Emulation of the original atveryend pac
kage
with kernel methods
)
\Fld@listcount=\count292
\c@bookmark@seq@number=\count293

(/usr/share/texlive/texmf-dist/tex/latex/rerunfilecheck/rerunfilecheck.sty
Package: rerunfilecheck 2019/12/05 v1.9 Rerun checks for auxiliary files (HO)

(/usr/share/texlive/texmf-dist/tex/generic/uniquecounter/uniquecounter.sty
Package: uniquecounter 2019/12/15 v1.4 Provide unlimited unique counter (HO)
)
Package uniquecounter Info: New unique counter `rerunfilecheck' on input line 2
86.
)
\Hy@SectionHShift=\skip56
)
(./results_wrapper.aux)
\openout1 = `results_wrapper.aux'.

LaTeX Font Info:    Checking defaults for OML/cmm/m/it on input line 13.
LaTeX Font Info:    ... okay on input line 13.
LaTeX Font Info:    Checking defaults for OMS/cmsy/m/n on input line 13.
LaTeX Font Info:    ... okay on input line 13.
LaTeX Font Info:    Checking defaults for OT1/cmr/m/n on input line 13.
LaTeX Font Info:    ... okay on input line 13.
LaTeX Font Info:    Checking defaults for T1/cmr/m/n on input line 13.
LaTeX Font Info:    ... okay on input line 13.
LaTeX Font Info:    Checking defaults for TS1/cmr/m/n on input line 13.
LaTeX Font Info:    ... okay on input line 13.
LaTeX Font Info:    Checking defaults for OMX/cmex/m/n on input line 13.
LaTeX Font Info:    ... okay on input line 13.
LaTeX Font Info:    Checking defaults for U/cmr/m/n on input line 13.
LaTeX Font Info:    ... okay on input line 13.
LaTeX Font Info:    Checking defaults for PD1/pdf/m/n on input line 13.
LaTeX Font Info:    ... okay on input line 13.
LaTeX Font Info:    Checking defaults for PU/pdf/m/n on input line 13.
LaTeX Font Info:    ... okay on input line 13.

(/usr/share/texlive/texmf-dist/tex/context/base/mkii/supp-pdf.mkii
[Loading MPS to PDF converter (version 2006.09.02).]
\scratchcounter=\count294
\scratchdimen=\dimen172
\scratchbox=\box59
\nofMPsegments=\count295
\nofMParguments=\count296
\everyMPshowfont=\toks26
\MPscratchCnt=\count297
\MPscratchDim=\dimen173
\MPnumerator=\count298
\makeMPintoPDFobject=\count299
\everyMPtoPDFconversion=\toks27
) (/usr/share/texlive/texmf-dist/tex/latex/epstopdf-pkg/epstopdf-base.sty
Package: epstopdf-base 2020-01-24 v2.11 Base part for package epstopdf
Package epstopdf-base Info: Redefining graphics rule for `.eps' on input line 4
85.

(/usr/share/texlive/texmf-dist/tex/latex/latexconfig/epstopdf-sys.cfg
File: epstopdf-sys.cfg 2010/07/13 v1.3 Configuration of (r)epstopdf for TeX Liv
e
))
Package hyperref Info: Link coloring OFF on input line 13.

(/usr/share/texlive/texmf-dist/tex/latex/hyperref/nameref.sty
Package: nameref 2021-04-02 v2.47 Cross-referencing by name of section

(/usr/share/texlive/texmf-dist/tex/latex/refcount/refcount.sty
Package: refcount 2019/12/15 v3.6 Data extraction from label references (HO)
)
(/usr/share/texlive/texmf-dist/tex/generic/gettitlestring/gettitlestring.sty
Package: gettitlestring 2019/12/15 v1.6 Cleanup title references (HO)
)
\c@section@level=\count300
)
LaTeX Info: Redefining \ref on input line 13.
LaTeX Info: Redefining \pageref on input line 13.
LaTeX Info: Redefining \nameref on input line 13.

(./results_wrapper.out) (./results_wrapper.out)
\@outlinefile=\write4
\openout4 = `results_wrapper.out'.

 (./resultsAndDiscussions.tex
LaTeX Font Info:    Trying to load font information for U+msa on input line 1.

(/usr/share/texlive/texmf-dist/tex/latex/amsfonts/umsa.fd
File: umsa.fd 2013/01/14 v3.01 AMS symbols A
)
LaTeX Font Info:    Trying to load font information for U+msb on input line 1.

(/usr/share/texlive/texmf-dist/tex/latex/amsfonts/umsb.fd
File: umsb.fd 2013/01/14 v3.01 AMS symbols B
)
Overfull \hbox (6.32784pt too wide) in paragraph at lines 5--6
[]\OT1/cmr/m/n/12 Our hy-brid Fourier-neural net-work ar-chi-tec-ture suc-cess-
fully breaks through
 []

<figures/error_metrics_comparison.png, id=52, 855.9177pt x 423.5022pt>
File: figures/error_metrics_comparison.png Graphic file (type png)
<use figures/error_metrics_comparison.png>
Package pdftex.def Info: figures/error_metrics_comparison.png  used on input li
ne 11.
(pdftex.def)             Requested size: 390.0pt x 192.9652pt.
[1

{/var/lib/texmf/fonts/map/pdftex/updmap/pdftex.map} <./figures/error_metrics_co
mparison.png>]
Overfull \hbox (11.20169pt too wide) in paragraph at lines 22--32
 [][] 
 []

<figures/3d_comparison_pinn_solution_10h.png, id=71, 683.1924pt x 552.1428pt>
File: figures/3d_comparison_pinn_solution_10h.png Graphic file (type png)
<use figures/3d_comparison_pinn_solution_10h.png>
Package pdftex.def Info: figures/3d_comparison_pinn_solution_10h.png  used on i
nput line 40.
(pdftex.def)             Requested size: 390.0pt x 315.18805pt.

Overfull \hbox (14.55275pt too wide) in paragraph at lines 45--46
[]\OT1/cmr/m/n/12 The three-dimensional so-lu-tion pro-file in Fig-ure []2[] de
mon-strates the method's
 []

<figures/error_distribution_10h.png, id=73, 711.8595pt x 419.6478pt>
File: figures/error_distribution_10h.png Graphic file (type png)
<use figures/error_distribution_10h.png>
Package pdftex.def Info: figures/error_distribution_10h.png  used on input line
 49.
(pdftex.def)             Requested size: 390.0pt x 229.91054pt.
[2]
<figures/training_losses_10h.png, id=82, 855.9177pt x 423.7431pt>
File: figures/training_losses_10h.png Graphic file (type png)
<use figures/training_losses_10h.png>
Package pdftex.def Info: figures/training_losses_10h.png  used on input line 60
.
(pdftex.def)             Requested size: 390.0pt x 193.07497pt.
 [3 <./figures/3d_comparison_pinn_solution_10h.png>]
<figures/validation_error_10h.png, id=90, 855.9177pt x 423.7431pt>
File: figures/validation_error_10h.png Graphic file (type png)
<use figures/validation_error_10h.png>
Package pdftex.def Info: figures/validation_error_10h.png  used on input line 6
9.
(pdftex.def)             Requested size: 390.0pt x 193.07497pt.
 [4 <./figures/error_distribution_10h.png>] [5 <./figures/training_losses_10h.p
ng>]
<figures/l2_error_comparison.png, id=108, 855.9177pt x 423.5022pt>
File: figures/l2_error_comparison.png Graphic file (type png)
<use figures/l2_error_comparison.png>
Package pdftex.def Info: figures/l2_error_comparison.png  used on input line 90
.
(pdftex.def)             Requested size: 390.0pt x 192.9652pt.
<figures/validation_error_heatmap.png, id=110, 1002.3849pt x 568.2831pt>
File: figures/validation_error_heatmap.png Graphic file (type png)
<use figures/validation_error_heatmap.png>
Package pdftex.def Info: figures/validation_error_heatmap.png  used on input li
ne 99.
(pdftex.def)             Requested size: 390.0pt x 221.10056pt.
<figures/space_slices_10h.png, id=112, 711.1368pt x 1045.2651pt>
File: figures/space_slices_10h.png Graphic file (type png)
<use figures/space_slices_10h.png>
Package pdftex.def Info: figures/space_slices_10h.png  used on input line 108.
(pdftex.def)             Requested size: 191.10214pt x 280.8856pt.
<figures/time_slices_10h.png, id=113, 710.8959pt x 1045.2651pt>
File: figures/time_slices_10h.png Graphic file (type png)
<use figures/time_slices_10h.png>
Package pdftex.def Info: figures/time_slices_10h.png  used on input line 109.
(pdftex.def)             Requested size: 191.10214pt x 280.9813pt.
 [6 <./figures/validation_error_10h.png>]
<figures/euler_bernoulli_beam_10h.png, id=123, 856.8813pt x 568.2831pt>
File: figures/euler_bernoulli_beam_10h.png Graphic file (type png)
<use figures/euler_bernoulli_beam_10h.png>
Package pdftex.def Info: figures/euler_bernoulli_beam_10h.png  used on input li
ne 120.
(pdftex.def)             Requested size: 390.0pt x 258.64725pt.
<figures/euler_bernoulli_3d_10h.png, id=125, 556.9608pt x 568.2831pt>
File: figures/euler_bernoulli_3d_10h.png Graphic file (type png)
<use figures/euler_bernoulli_3d_10h.png>
Package pdftex.def Info: figures/euler_bernoulli_3d_10h.png  used on input line
 129.
(pdftex.def)             Requested size: 390.0pt x 397.94287pt.
 [7 <./figures/l2_error_comparison.png>]
<figures/weight_factors_10h.png, id=136, 850.6179pt x 424.2249pt>
File: figures/weight_factors_10h.png Graphic file (type png)
<use figures/weight_factors_10h.png>
Package pdftex.def Info: figures/weight_factors_10h.png  used on input line 140
.
(pdftex.def)             Requested size: 390.0pt x 194.50497pt.
<figures/comparison_10h.png, id=138, 1277.4927pt x 381.1038pt>
File: figures/comparison_10h.png Graphic file (type png)
<use figures/comparison_10h.png>
Package pdftex.def Info: figures/comparison_10h.png  used on input line 151.
(pdftex.def)             Requested size: 390.0pt x 116.34406pt.
 [8 <./figures/validation_error_heatmap.png>] [9 <./figures/space_slices_10h.pn
g> <./figures/time_slices_10h.png>] [10 <./figures/euler_bernoulli_beam_10h.png
>] [11 <./figures/euler_bernoulli_3d_10h.png>] [12 <./figures/weight_factors_10
h.png> <./figures/comparison_10h.png>]
Overfull \hbox (23.90552pt too wide) in paragraph at lines 219--219
[]\OT1/cmtt/m/n/10.95 1. Do the results support the hypotheses for solving the 
Euler-Bernoulli[] 
 []


Overfull \hbox (12.40814pt too wide) in paragraph at lines 228--228
[]\OT1/cmtt/m/n/10.95 - Generated 12 figures showing solution accuracy, error d
istributions,[] 
 []


Overfull \hbox (35.4029pt too wide) in paragraph at lines 230--230
[]\OT1/cmtt/m/n/10.95 - Created comprehensive error comparison table for harmon
ic configurations[] 
 []


Overfull \hbox (23.90552pt too wide) in paragraph at lines 232--232
[]\OT1/cmtt/m/n/10.95 - Compared results with traditional methods and existing 
PINN literature[] 
 []


Overfull \hbox (87.14108pt too wide) in paragraph at lines 233--233
[]\OT1/cmtt/m/n/10.95 - Connected all major results to specific research gaps (
1, 2, 3, 6, 7, 10, 11, 12)[] 
 []

LaTeX Font Info:    Trying to load font information for TS1+cmtt on input line 
234.
(/usr/share/texlive/texmf-dist/tex/latex/base/ts1cmtt.fd
File: ts1cmtt.fd 2019/12/16 v2.5j Standard LaTeX font definitions
)
Overfull \hbox (98.54814pt too wide) in paragraph at lines 234--234
[]\OT1/cmtt/m/n/10.95 - Quantified improvements: 17-fold over standard PINNs, 1
5-500\TS1/cmtt/m/n/10.95 Ö \OT1/cmtt/m/n/10.95 over existing methods[] 
 []

) (./results_wrapper.bbl [13

]) [14] (./results_wrapper.aux)
Package rerunfilecheck Info: File `results_wrapper.out' has not changed.
(rerunfilecheck)             Checksum: C8B97DE044F81C4BD680B6B8EDF671AD;3028.
 ) 
Here is how much of TeX's memory you used:
 10743 strings out of 480171
 166570 string characters out of 5894489
 457453 words of memory out of 5000000
 28490 multiletter control sequences out of 15000+600000
 476282 words of font info for 54 fonts, out of 8000000 for 9000
 59 hyphenation exceptions out of 8191
 70i,12n,76p,920b,436s stack positions out of 5000i,500n,10000p,200000b,80000s
 </home/wslee/.texlive2021/texmf-var/fonts/pk/ljfour/jknappen/ec/tctt1095.600
pk> </home/wslee/.texlive2021/texmf-var/fonts/pk/ljfour/jknappen/ec/tcrm1200.60
0pk></usr/share/texlive/texmf-dist/fonts/type1/public/amsfonts/cm/cmbx12.pfb></
usr/share/texlive/texmf-dist/fonts/type1/public/amsfonts/cm/cmbx8.pfb></usr/sha
re/texlive/texmf-dist/fonts/type1/public/amsfonts/cm/cmmi12.pfb></usr/share/tex
live/texmf-dist/fonts/type1/public/amsfonts/cm/cmr10.pfb></usr/share/texlive/te
xmf-dist/fonts/type1/public/amsfonts/cm/cmr12.pfb></usr/share/texlive/texmf-dis
t/fonts/type1/public/amsfonts/cm/cmr8.pfb></usr/share/texlive/texmf-dist/fonts/
type1/public/amsfonts/cm/cmsy10.pfb></usr/share/texlive/texmf-dist/fonts/type1/
public/amsfonts/cm/cmsy8.pfb></usr/share/texlive/texmf-dist/fonts/type1/public/
amsfonts/cm/cmti12.pfb></usr/share/texlive/texmf-dist/fonts/type1/public/amsfon
ts/cm/cmtt10.pfb>
Output written on results_wrapper.pdf (14 pages, 5249017 bytes).
PDF statistics:
 247 PDF objects out of 1000 (max. 8388607)
 181 compressed objects within 2 object streams
 44 named destinations out of 1000 (max. 500000)
 162 words of extra memory for PDF output out of 10000 (max. 10000000)

